#
# A fatal error has been detected by the Java Runtime Environment:
#
#  EXCEPTION_ACCESS_VIOLATION (0xc0000005) at pc=0x000000006fc8fe20, pid=18192, tid=17108
#
# JRE version: Java(TM) SE Runtime Environment (16.0.2+7) (build 16.0.2+7-67)
# Java VM: Java HotSpot(TM) 64-Bit Server VM (16.0.2+7-67, mixed mode, sharing, tiered, compressed oops, compressed class ptrs, g1 gc, windows-amd64)
# Problematic frame:
# C  [gdx-bullet64.dll+0x18fe20]
#
# No core dump will be written. Minidumps are not enabled by default on client versions of Windows
#
# If you would like to submit a bug report, please visit:
#   https://bugreport.java.com/bugreport/crash.jsp
# The crash happened outside the Java Virtual Machine in native code.
# See problematic frame for where to report the bug.
#

---------------  S U M M A R Y ------------

Command Line: -javaagent:C:\Program Files\JetBrains\IntelliJ IDEA 2021.2.1\lib\idea_rt.jar=53244:C:\Program Files\JetBrains\IntelliJ IDEA 2021.2.1\bin -Dfile.encoding=UTF-8 com.platformer.game.desktop.DesktopLauncher

Host: Intel(R) Core(TM) i7-9750H CPU @ 2.60GHz, 12 cores, 15G,  Windows 10 , 64 bit Build 19041 (10.0.19041.1202)
Time: Tue Oct 19 16:14:14 2021 Eastern Daylight Time elapsed time: 1.491329 seconds (0d 0h 0m 1s)

---------------  T H R E A D  ---------------

Current thread (0x00000195a79d1190):  JavaThread "main" [_thread_in_native, id=17108, stack(0x0000004796400000,0x0000004796500000)]

Stack: [0x0000004796400000,0x0000004796500000],  sp=0x00000047964ff248,  free space=1020k
Native frames: (J=compiled Java code, j=interpreted, Vv=VM code, C=native code)
C  [gdx-bullet64.dll+0x18fe20]

Java frames: (J=compiled Java code, j=interpreted, Vv=VM code)
j  com.badlogic.gdx.physics.bullet.collision.CollisionJNI.btDispatcher_findAlgorithm(JLcom/badlogic/gdx/physics/bullet/collision/btDispatcher;JLcom/badlogic/gdx/physics/bullet/collision/btCollisionObjectWrapper;JLcom/badlogic/gdx/physics/bullet/collision/btCollisionObjectWrapper;JLcom/badlogic/gdx/physics/bullet/collision/btPersistentManifold;I)J+0
j  com.badlogic.gdx.physics.bullet.collision.btDispatcher.findAlgorithm(Lcom/badlogic/gdx/physics/bullet/collision/btCollisionObjectWrapper;Lcom/badlogic/gdx/physics/bullet/collision/btCollisionObjectWrapper;Lcom/badlogic/gdx/physics/bullet/collision/btPersistentManifold;I)Lcom/badlogic/gdx/physics/bullet/collision/btCollisionAlgorithm;+22
j  com.platformer.game.CollisionChecker.checkCollision(Lcom/badlogic/gdx/physics/bullet/collision/btCollisionObject;Lcom/badlogic/gdx/physics/bullet/collision/btCollisionObject;Lcom/badlogic/gdx/physics/bullet/collision/btCollisionConfiguration;Lcom/badlogic/gdx/physics/bullet/collision/btDispatcher;)Z+34
j  com.platformer.game.Orchestrator.render()V+144
j  com.badlogic.gdx.backends.lwjgl3.Lwjgl3Window.update()Z+187
j  com.badlogic.gdx.backends.lwjgl3.Lwjgl3Application.loop()V+111
j  com.badlogic.gdx.backends.lwjgl3.Lwjgl3Application.<init>(Lcom/badlogic/gdx/ApplicationListener;Lcom/badlogic/gdx/backends/lwjgl3/Lwjgl3ApplicationConfiguration;)V+243
j  com.platformer.game.desktop.DesktopLauncher.main([Ljava/lang/String;)V+59
v  ~StubRoutines::call_stub

siginfo: EXCEPTION_ACCESS_VIOLATION (0xc0000005), reading address 0x0000000000000000


Register to memory mapping:

RIP=0x000000006fc8fe20 gdx-bullet64.dll
RAX=0x000000006fc8fe20 gdx-bullet64.dll
RBX={method} {0x00000195d5cd5ca8} 'btDispatcher_findAlgorithm' '(JLcom/badlogic/gdx/physics/bullet/collision/btDispatcher;JLcom/badlogic/gdx/physics/bullet/collision/btCollisionObjectWrapper;JLcom/badlogic/gdx/physics/bullet/collision/btCollisionObjectWrapper;JLcom/badlogic/gdx/physics/bullet/collision/btPersistentManifold;I)J' in 'com/badlogic/gdx/physics/bullet/collision/CollisionJNI'
RCX=0x00000195a79d14a0 points into unknown readable memory: 0x00000195d49b0000 | 00 00 9b d4 95 01 00 00
RDX=0x00000047964ff330 is pointing into the stack for thread: 0x00000195a79d1190
RSP=0x00000047964ff248 is pointing into the stack for thread: 0x00000195a79d1190
RBP=0x00000047964ff320 is pointing into the stack for thread: 0x00000195a79d1190
RSI=0x0 is NULL
RDI=0x00000195af1595e1 is at code_begin+1345 in an Interpreter codelet
return entry points  [0x00000195af1590a0, 0x00000195af159be0]  2880 bytes
R8 =0x0 is NULL
R9 =0x00000047964ff390 is pointing into the stack for thread: 0x00000195a79d1190
R10=0x00000195af15dcf3 is at code_begin+979 in an Interpreter codelet
method entry point (kind = native)  [0x00000195af15d920, 0x00000195af15e300]  2528 bytes
R11=0x0000000710a21ca0 is an oop: java.lang.Class 
{0x0000000710a21ca0} - klass: 'java/lang/Class'
R12=0x0 is NULL
R13={method} {0x00000195d5cd5ca8} 'btDispatcher_findAlgorithm' '(JLcom/badlogic/gdx/physics/bullet/collision/btDispatcher;JLcom/badlogic/gdx/physics/bullet/collision/btCollisionObjectWrapper;JLcom/badlogic/gdx/physics/bullet/collision/btCollisionObjectWrapper;JLcom/badlogic/gdx/physics/bullet/collision/btPersistentManifold;I)J' in 'com/badlogic/gdx/physics/bullet/collision/CollisionJNI'
R14=0x00000047964ff3a0 is pointing into the stack for thread: 0x00000195a79d1190
R15=0x00000195a79d1190 is a thread


Registers:
RAX=0x000000006fc8fe20, RBX=0x00000195d5cd5ca0, RCX=0x00000195a79d14a0, RDX=0x00000047964ff330
RSP=0x00000047964ff248, RBP=0x00000047964ff320, RSI=0x0000000000000000, RDI=0x00000195af1595e1
R8 =0x0000000000000000, R9 =0x00000047964ff390, R10=0x00000195af15dcf3, R11=0x0000000710a21ca0
R12=0x0000000000000000, R13=0x00000195d5cd5ca0, R14=0x00000047964ff3a0, R15=0x00000195a79d1190
RIP=0x000000006fc8fe20, EFLAGS=0x0000000000010287

Top of Stack: (sp=0x00000047964ff248)
0x00000047964ff248:   00000195af15dd22 00000047964ff2b0
0x00000047964ff258:   00000195af159512 0000000711ade468
0x00000047964ff268:   00000047964ff268 00000195ccf0f140
0x00000047964ff278:   00000047964ff378 00000195ccf0f020
0x00000047964ff288:   00000047964ff360 0000000000000000
0x00000047964ff298:   0000000000000000 0000000000000000
0x00000047964ff2a8:   00000047964ff2c0 00000047964ff338
0x00000047964ff2b8:   00000195af159512 0000000000000000
0x00000047964ff2c8:   00000195ccf0f020 0000000000000000
0x00000047964ff2d8:   00000047964ff2d8 0000000000000000
0x00000047964ff2e8:   00000047964ff3a0 00000195d5c7f238
0x00000047964ff2f8:   0000000000000000 0000000710a21ca0
0x00000047964ff308:   00000195d5cd5ca0 0000000000000000
0x00000047964ff318:   00000047964ff340 00000047964ff3f0
0x00000047964ff328:   00000195af1595e1 0000000710a21ca0
0x00000047964ff338:   00000195af15b2d7 0000000000000000 

Instructions: (pc=0x000000006fc8fe20)
0x000000006fc8fd20:   41 0f b6 40 21 c3 66 2e 0f 1f 84 00 00 00 00 00
0x000000006fc8fd30:   80 7c 24 28 00 0f 95 c0 4d 85 c0 74 04 41 88 40
0x000000006fc8fd40:   22 f3 c3 0f 1f 00 66 2e 0f 1f 84 00 00 00 00 00
0x000000006fc8fd50:   41 0f b6 40 22 c3 66 2e 0f 1f 84 00 00 00 00 00
0x000000006fc8fd60:   4d 85 c0 74 0c f3 0f 10 44 24 28 f3 41 0f 11 40
0x000000006fc8fd70:   24 f3 c3 0f 1f 00 66 2e 0f 1f 84 00 00 00 00 00
0x000000006fc8fd80:   f3 41 0f 10 40 24 c3 66 0f 1f 84 00 00 00 00 00
0x000000006fc8fd90:   80 7c 24 28 00 0f 95 c0 4d 85 c0 74 04 41 88 40
0x000000006fc8fda0:   28 f3 c3 0f 1f 00 66 2e 0f 1f 84 00 00 00 00 00
0x000000006fc8fdb0:   41 0f b6 40 28 c3 66 2e 0f 1f 84 00 00 00 00 00
0x000000006fc8fdc0:   4d 85 c0 74 0c f3 0f 10 44 24 28 f3 41 0f 11 40
0x000000006fc8fdd0:   2c f3 c3 0f 1f 00 66 2e 0f 1f 84 00 00 00 00 00
0x000000006fc8fde0:   f3 41 0f 10 40 2c c3 66 0f 1f 84 00 00 00 00 00
0x000000006fc8fdf0:   4c 89 c1 e9 68 df 1b 00 0f 1f 84 00 00 00 00 00
0x000000006fc8fe00:   4d 85 c0 74 0d 49 8b 00 4c 89 c1 48 8b 40 08 48
0x000000006fc8fe10:   ff e0 f3 c3 66 90 66 2e 0f 1f 84 00 00 00 00 00
0x000000006fc8fe20:   49 8b 00 48 8b 54 24 28 4c 89 c1 44 8b 44 24 58
0x000000006fc8fe30:   4c 8b 4c 24 48 44 89 44 24 28 4c 8b 44 24 38 48
0x000000006fc8fe40:   8b 40 10 48 ff e0 66 2e 0f 1f 84 00 00 00 00 00
0x000000006fc8fe50:   49 8b 00 48 8b 54 24 28 4c 89 c1 4c 8b 44 24 38
0x000000006fc8fe60:   48 8b 40 18 48 ff e0 66 0f 1f 84 00 00 00 00 00
0x000000006fc8fe70:   49 8b 00 48 8b 54 24 28 4c 89 c1 48 8b 40 20 48
0x000000006fc8fe80:   ff e0 0f 1f 40 00 66 2e 0f 1f 84 00 00 00 00 00
0x000000006fc8fe90:   49 8b 00 48 8b 54 24 28 4c 89 c1 48 8b 40 28 48
0x000000006fc8fea0:   ff e0 0f 1f 40 00 66 2e 0f 1f 84 00 00 00 00 00
0x000000006fc8feb0:   49 8b 00 48 8b 54 24 28 4c 89 c1 4c 8b 44 24 38
0x000000006fc8fec0:   48 8b 40 30 48 ff e0 66 0f 1f 84 00 00 00 00 00
0x000000006fc8fed0:   49 8b 00 48 8b 54 24 28 4c 89 c1 4c 8b 44 24 38
0x000000006fc8fee0:   48 8b 40 38 48 ff e0 66 0f 1f 84 00 00 00 00 00
0x000000006fc8fef0:   48 8b 54 24 28 4c 8b 4c 24 48 4c 89 c0 4c 8b 44
0x000000006fc8ff00:   24 38 4d 85 c0 74 0d 48 8b 08 4c 8b 51 40 48 89
0x000000006fc8ff10:   c1 49 ff e2 4c 8d 05 f5 1d 1d 00 ba 07 00 00 00 


Stack slot to memory mapping:
stack at sp + 0 slots: 0x00000195af15dd22 is at code_begin+1026 in an Interpreter codelet
method entry point (kind = native)  [0x00000195af15d920, 0x00000195af15e300]  2528 bytes
stack at sp + 1 slots: 0x00000047964ff2b0 is pointing into the stack for thread: 0x00000195a79d1190
stack at sp + 2 slots: 0x00000195af159512 is at code_begin+1138 in an Interpreter codelet
return entry points  [0x00000195af1590a0, 0x00000195af159be0]  2880 bytes
stack at sp + 3 slots: 0x0000000711ade468 is an oop: com.badlogic.gdx.physics.bullet.collision.btCollisionObjectWrapper 
{0x0000000711ade468} - klass: 'com/badlogic/gdx/physics/bullet/collision/btCollisionObjectWrapper'
stack at sp + 4 slots: 0x00000047964ff268 is pointing into the stack for thread: 0x00000195a79d1190
stack at sp + 5 slots: 0x00000195ccf0f140 points into unknown readable memory: 0x0000000000000000 | 00 00 00 00 00 00 00 00
stack at sp + 6 slots: 0x00000047964ff378 is pointing into the stack for thread: 0x00000195a79d1190
stack at sp + 7 slots: 0x00000195ccf0f020 points into unknown readable memory: 0x0000000000000000 | 00 00 00 00 00 00 00 00


---------------  P R O C E S S  ---------------

Threads class SMR info:
_java_thread_list=0x00000195d215dab0, length=15, elements={
0x00000195a79d1190, 0x00000195ca9b1790, 0x00000195ca9b1f70, 0x00000195ca9bab90,
0x00000195ca9bc0c0, 0x00000195ca9bc5e0, 0x00000195ca9c0b10, 0x00000195ca9c4860,
0x00000195ca9cd690, 0x00000195ca9e03f0, 0x00000195cb4d8c70, 0x00000195cb7659b0,
0x00000195cb7f7b80, 0x00000195d2149240, 0x00000195cb762d00
}

Java Threads: ( => current thread )
=>0x00000195a79d1190 JavaThread "main" [_thread_in_native, id=17108, stack(0x0000004796400000,0x0000004796500000)]
  0x00000195ca9b1790 JavaThread "Reference Handler" daemon [_thread_blocked, id=16500, stack(0x0000004796b00000,0x0000004796c00000)]
  0x00000195ca9b1f70 JavaThread "Finalizer" daemon [_thread_blocked, id=12492, stack(0x0000004796c00000,0x0000004796d00000)]
  0x00000195ca9bab90 JavaThread "Signal Dispatcher" daemon [_thread_blocked, id=10088, stack(0x0000004796d00000,0x0000004796e00000)]
  0x00000195ca9bc0c0 JavaThread "Attach Listener" daemon [_thread_blocked, id=16088, stack(0x0000004796e00000,0x0000004796f00000)]
  0x00000195ca9bc5e0 JavaThread "Service Thread" daemon [_thread_blocked, id=11976, stack(0x0000004796f00000,0x0000004797000000)]
  0x00000195ca9c0b10 JavaThread "Monitor Deflation Thread" daemon [_thread_blocked, id=19804, stack(0x0000004797000000,0x0000004797100000)]
  0x00000195ca9c4860 JavaThread "C2 CompilerThread0" daemon [_thread_blocked, id=6632, stack(0x0000004797100000,0x0000004797200000)]
  0x00000195ca9cd690 JavaThread "C1 CompilerThread0" daemon [_thread_blocked, id=5408, stack(0x0000004797200000,0x0000004797300000)]
  0x00000195ca9e03f0 JavaThread "Sweeper thread" daemon [_thread_blocked, id=19836, stack(0x0000004797300000,0x0000004797400000)]
  0x00000195cb4d8c70 JavaThread "Common-Cleaner" daemon [_thread_blocked, id=11472, stack(0x0000004797400000,0x0000004797500000)]
  0x00000195cb7659b0 JavaThread "Monitor Ctrl-Break" daemon [_thread_in_native, id=9064, stack(0x0000004797500000,0x0000004797600000)]
  0x00000195cb7f7b80 JavaThread "Notification Thread" daemon [_thread_blocked, id=6480, stack(0x0000004797600000,0x0000004797700000)]
  0x00000195d2149240 JavaThread "C2 CompilerThread1" daemon [_thread_blocked, id=11028, stack(0x0000004798a00000,0x0000004798b00000)]
  0x00000195cb762d00 JavaThread "C2 CompilerThread2" daemon [_thread_blocked, id=20208, stack(0x0000004798b00000,0x0000004798c00000)]

Other Threads:
  0x00000195ca9aed40 VMThread "VM Thread" [stack: 0x0000004796a00000,0x0000004796b00000] [id=19100]
  0x00000195cb765ed0 WatcherThread [stack: 0x0000004797700000,0x0000004797800000] [id=8124]
  0x00000195a7a22230 GCTaskThread "GC Thread#0" [stack: 0x0000004796500000,0x0000004796600000] [id=4980]
  0x00000195d200a470 GCTaskThread "GC Thread#1" [stack: 0x0000004798200000,0x0000004798300000] [id=13240]
  0x00000195d20a8240 GCTaskThread "GC Thread#2" [stack: 0x0000004798300000,0x0000004798400000] [id=7800]
  0x00000195d22c1200 GCTaskThread "GC Thread#3" [stack: 0x0000004798400000,0x0000004798500000] [id=6184]
  0x00000195d22c1510 GCTaskThread "GC Thread#4" [stack: 0x0000004798500000,0x0000004798600000] [id=280]
  0x00000195d2075a00 GCTaskThread "GC Thread#5" [stack: 0x0000004798600000,0x0000004798700000] [id=9964]
  0x00000195d2082e90 GCTaskThread "GC Thread#6" [stack: 0x0000004798700000,0x0000004798800000] [id=8084]
  0x00000195d202af30 GCTaskThread "GC Thread#7" [stack: 0x0000004798800000,0x0000004798900000] [id=15124]
  0x00000195d22b55c0 GCTaskThread "GC Thread#8" [stack: 0x0000004798900000,0x0000004798a00000] [id=17092]
  0x00000195a7a34450 ConcurrentGCThread "G1 Main Marker" [stack: 0x0000004796600000,0x0000004796700000] [id=6964]
  0x00000195a7a355f0 ConcurrentGCThread "G1 Conc#0" [stack: 0x0000004796700000,0x0000004796800000] [id=4172]
  0x00000195a7aad8e0 ConcurrentGCThread "G1 Refine#0" [stack: 0x0000004796800000,0x0000004796900000] [id=12148]
  0x00000195a7aade00 ConcurrentGCThread "G1 Service" [stack: 0x0000004796900000,0x0000004796a00000] [id=17828]

Threads with active compile tasks:

VM state: not at safepoint (normal execution)

VM Mutex/Monitor currently owned by a thread: None

Heap address: 0x0000000702400000, size: 4060 MB, Compressed Oops mode: Zero based, Oop shift amount: 3

CDS archive(s) mapped at: [0x0000000800000000-0x0000000800bb0000-0x0000000800bb0000), size 12255232, SharedBaseAddress: 0x0000000800000000, ArchiveRelocationMode: 0.
Compressed class space mapped at: 0x0000000800c00000-0x0000000840c00000, reserved size: 1073741824
Narrow klass base: 0x0000000800000000, Narrow klass shift: 3, Narrow klass range: 0x100000000

GC Precious Log:
 CPUs: 12 total, 12 available
 Memory: 16233M
 Large Page Support: Disabled
 NUMA Support: Disabled
 Compressed Oops: Enabled (Zero based)
 Heap Region Size: 2M
 Heap Min Capacity: 8M
 Heap Initial Capacity: 254M
 Heap Max Capacity: 4060M
 Pre-touch: Disabled
 Parallel Workers: 10
 Concurrent Workers: 3
 Concurrent Refinement Workers: 10
 Periodic GC: Disabled

Heap:
 garbage-first heap   total 260096K, used 9044K [0x0000000702400000, 0x0000000800000000)
  region size 2048K, 6 young (12288K), 2 survivors (4096K)
 Metaspace       used 9335K, committed 9472K, reserved 1064960K
  class space    used 557K, committed 640K, reserved 1048576K

Heap Regions: E=young(eden), S=young(survivor), O=old, HS=humongous(starts), HC=humongous(continues), CS=collection set, F=free, OA=open archive, CA=closed archive, TAMS=top-at-mark-start (previous, next)
|   0|0x0000000702400000, 0x0000000702400000, 0x0000000702600000|  0%| F|  |TAMS 0x0000000702400000, 0x0000000702400000| Untracked 
|   1|0x0000000702600000, 0x0000000702600000, 0x0000000702800000|  0%| F|  |TAMS 0x0000000702600000, 0x0000000702600000| Untracked 
|   2|0x0000000702800000, 0x0000000702800000, 0x0000000702a00000|  0%| F|  |TAMS 0x0000000702800000, 0x0000000702800000| Untracked 
|   3|0x0000000702a00000, 0x0000000702a00000, 0x0000000702c00000|  0%| F|  |TAMS 0x0000000702a00000, 0x0000000702a00000| Untracked 
|   4|0x0000000702c00000, 0x0000000702c00000, 0x0000000702e00000|  0%| F|  |TAMS 0x0000000702c00000, 0x0000000702c00000| Untracked 
|   5|0x0000000702e00000, 0x0000000702e00000, 0x0000000703000000|  0%| F|  |TAMS 0x0000000702e00000, 0x0000000702e00000| Untracked 
|   6|0x0000000703000000, 0x0000000703000000, 0x0000000703200000|  0%| F|  |TAMS 0x0000000703000000, 0x0000000703000000| Untracked 
|   7|0x0000000703200000, 0x0000000703200000, 0x0000000703400000|  0%| F|  |TAMS 0x0000000703200000, 0x0000000703200000| Untracked 
|   8|0x0000000703400000, 0x0000000703400000, 0x0000000703600000|  0%| F|  |TAMS 0x0000000703400000, 0x0000000703400000| Untracked 
|   9|0x0000000703600000, 0x0000000703600000, 0x0000000703800000|  0%| F|  |TAMS 0x0000000703600000, 0x0000000703600000| Untracked 
|  10|0x0000000703800000, 0x0000000703800000, 0x0000000703a00000|  0%| F|  |TAMS 0x0000000703800000, 0x0000000703800000| Untracked 
|  11|0x0000000703a00000, 0x0000000703a00000, 0x0000000703c00000|  0%| F|  |TAMS 0x0000000703a00000, 0x0000000703a00000| Untracked 
|  12|0x0000000703c00000, 0x0000000703c00000, 0x0000000703e00000|  0%| F|  |TAMS 0x0000000703c00000, 0x0000000703c00000| Untracked 
|  13|0x0000000703e00000, 0x0000000703e00000, 0x0000000704000000|  0%| F|  |TAMS 0x0000000703e00000, 0x0000000703e00000| Untracked 
|  14|0x0000000704000000, 0x0000000704000000, 0x0000000704200000|  0%| F|  |TAMS 0x0000000704000000, 0x0000000704000000| Untracked 
|  15|0x0000000704200000, 0x0000000704200000, 0x0000000704400000|  0%| F|  |TAMS 0x0000000704200000, 0x0000000704200000| Untracked 
|  16|0x0000000704400000, 0x0000000704400000, 0x0000000704600000|  0%| F|  |TAMS 0x0000000704400000, 0x0000000704400000| Untracked 
|  17|0x0000000704600000, 0x0000000704600000, 0x0000000704800000|  0%| F|  |TAMS 0x0000000704600000, 0x0000000704600000| Untracked 
|  18|0x0000000704800000, 0x0000000704800000, 0x0000000704a00000|  0%| F|  |TAMS 0x0000000704800000, 0x0000000704800000| Untracked 
|  19|0x0000000704a00000, 0x0000000704a00000, 0x0000000704c00000|  0%| F|  |TAMS 0x0000000704a00000, 0x0000000704a00000| Untracked 
|  20|0x0000000704c00000, 0x0000000704c00000, 0x0000000704e00000|  0%| F|  |TAMS 0x0000000704c00000, 0x0000000704c00000| Untracked 
|  21|0x0000000704e00000, 0x0000000704e00000, 0x0000000705000000|  0%| F|  |TAMS 0x0000000704e00000, 0x0000000704e00000| Untracked 
|  22|0x0000000705000000, 0x0000000705000000, 0x0000000705200000|  0%| F|  |TAMS 0x0000000705000000, 0x0000000705000000| Untracked 
|  23|0x0000000705200000, 0x0000000705200000, 0x0000000705400000|  0%| F|  |TAMS 0x0000000705200000, 0x0000000705200000| Untracked 
|  24|0x0000000705400000, 0x0000000705400000, 0x0000000705600000|  0%| F|  |TAMS 0x0000000705400000, 0x0000000705400000| Untracked 
|  25|0x0000000705600000, 0x0000000705600000, 0x0000000705800000|  0%| F|  |TAMS 0x0000000705600000, 0x0000000705600000| Untracked 
|  26|0x0000000705800000, 0x0000000705800000, 0x0000000705a00000|  0%| F|  |TAMS 0x0000000705800000, 0x0000000705800000| Untracked 
|  27|0x0000000705a00000, 0x0000000705a00000, 0x0000000705c00000|  0%| F|  |TAMS 0x0000000705a00000, 0x0000000705a00000| Untracked 
|  28|0x0000000705c00000, 0x0000000705c00000, 0x0000000705e00000|  0%| F|  |TAMS 0x0000000705c00000, 0x0000000705c00000| Untracked 
|  29|0x0000000705e00000, 0x0000000705e00000, 0x0000000706000000|  0%| F|  |TAMS 0x0000000705e00000, 0x0000000705e00000| Untracked 
|  30|0x0000000706000000, 0x0000000706000000, 0x0000000706200000|  0%| F|  |TAMS 0x0000000706000000, 0x0000000706000000| Untracked 
|  31|0x0000000706200000, 0x0000000706200000, 0x0000000706400000|  0%| F|  |TAMS 0x0000000706200000, 0x0000000706200000| Untracked 
|  32|0x0000000706400000, 0x0000000706400000, 0x0000000706600000|  0%| F|  |TAMS 0x0000000706400000, 0x0000000706400000| Untracked 
|  33|0x0000000706600000, 0x0000000706600000, 0x0000000706800000|  0%| F|  |TAMS 0x0000000706600000, 0x0000000706600000| Untracked 
|  34|0x0000000706800000, 0x0000000706800000, 0x0000000706a00000|  0%| F|  |TAMS 0x0000000706800000, 0x0000000706800000| Untracked 
|  35|0x0000000706a00000, 0x0000000706a00000, 0x0000000706c00000|  0%| F|  |TAMS 0x0000000706a00000, 0x0000000706a00000| Untracked 
|  36|0x0000000706c00000, 0x0000000706c00000, 0x0000000706e00000|  0%| F|  |TAMS 0x0000000706c00000, 0x0000000706c00000| Untracked 
|  37|0x0000000706e00000, 0x0000000706e00000, 0x0000000707000000|  0%| F|  |TAMS 0x0000000706e00000, 0x0000000706e00000| Untracked 
|  38|0x0000000707000000, 0x0000000707000000, 0x0000000707200000|  0%| F|  |TAMS 0x0000000707000000, 0x0000000707000000| Untracked 
|  39|0x0000000707200000, 0x0000000707200000, 0x0000000707400000|  0%| F|  |TAMS 0x0000000707200000, 0x0000000707200000| Untracked 
|  40|0x0000000707400000, 0x0000000707400000, 0x0000000707600000|  0%| F|  |TAMS 0x0000000707400000, 0x0000000707400000| Untracked 
|  41|0x0000000707600000, 0x0000000707600000, 0x0000000707800000|  0%| F|  |TAMS 0x0000000707600000, 0x0000000707600000| Untracked 
|  42|0x0000000707800000, 0x0000000707800000, 0x0000000707a00000|  0%| F|  |TAMS 0x0000000707800000, 0x0000000707800000| Untracked 
|  43|0x0000000707a00000, 0x0000000707a00000, 0x0000000707c00000|  0%| F|  |TAMS 0x0000000707a00000, 0x0000000707a00000| Untracked 
|  44|0x0000000707c00000, 0x0000000707c00000, 0x0000000707e00000|  0%| F|  |TAMS 0x0000000707c00000, 0x0000000707c00000| Untracked 
|  45|0x0000000707e00000, 0x0000000707e00000, 0x0000000708000000|  0%| F|  |TAMS 0x0000000707e00000, 0x0000000707e00000| Untracked 
|  46|0x0000000708000000, 0x0000000708000000, 0x0000000708200000|  0%| F|  |TAMS 0x0000000708000000, 0x0000000708000000| Untracked 
|  47|0x0000000708200000, 0x0000000708200000, 0x0000000708400000|  0%| F|  |TAMS 0x0000000708200000, 0x0000000708200000| Untracked 
|  48|0x0000000708400000, 0x0000000708400000, 0x0000000708600000|  0%| F|  |TAMS 0x0000000708400000, 0x0000000708400000| Untracked 
|  49|0x0000000708600000, 0x0000000708600000, 0x0000000708800000|  0%| F|  |TAMS 0x0000000708600000, 0x0000000708600000| Untracked 
|  50|0x0000000708800000, 0x0000000708800000, 0x0000000708a00000|  0%| F|  |TAMS 0x0000000708800000, 0x0000000708800000| Untracked 
|  51|0x0000000708a00000, 0x0000000708a00000, 0x0000000708c00000|  0%| F|  |TAMS 0x0000000708a00000, 0x0000000708a00000| Untracked 
|  52|0x0000000708c00000, 0x0000000708c00000, 0x0000000708e00000|  0%| F|  |TAMS 0x0000000708c00000, 0x0000000708c00000| Untracked 
|  53|0x0000000708e00000, 0x0000000708e00000, 0x0000000709000000|  0%| F|  |TAMS 0x0000000708e00000, 0x0000000708e00000| Untracked 
|  54|0x0000000709000000, 0x0000000709000000, 0x0000000709200000|  0%| F|  |TAMS 0x0000000709000000, 0x0000000709000000| Untracked 
|  55|0x0000000709200000, 0x0000000709200000, 0x0000000709400000|  0%| F|  |TAMS 0x0000000709200000, 0x0000000709200000| Untracked 
|  56|0x0000000709400000, 0x0000000709400000, 0x0000000709600000|  0%| F|  |TAMS 0x0000000709400000, 0x0000000709400000| Untracked 
|  57|0x0000000709600000, 0x0000000709600000, 0x0000000709800000|  0%| F|  |TAMS 0x0000000709600000, 0x0000000709600000| Untracked 
|  58|0x0000000709800000, 0x0000000709800000, 0x0000000709a00000|  0%| F|  |TAMS 0x0000000709800000, 0x0000000709800000| Untracked 
|  59|0x0000000709a00000, 0x0000000709a00000, 0x0000000709c00000|  0%| F|  |TAMS 0x0000000709a00000, 0x0000000709a00000| Untracked 
|  60|0x0000000709c00000, 0x0000000709c00000, 0x0000000709e00000|  0%| F|  |TAMS 0x0000000709c00000, 0x0000000709c00000| Untracked 
|  61|0x0000000709e00000, 0x0000000709e00000, 0x000000070a000000|  0%| F|  |TAMS 0x0000000709e00000, 0x0000000709e00000| Untracked 
|  62|0x000000070a000000, 0x000000070a000000, 0x000000070a200000|  0%| F|  |TAMS 0x000000070a000000, 0x000000070a000000| Untracked 
|  63|0x000000070a200000, 0x000000070a200000, 0x000000070a400000|  0%| F|  |TAMS 0x000000070a200000, 0x000000070a200000| Untracked 
|  64|0x000000070a400000, 0x000000070a400000, 0x000000070a600000|  0%| F|  |TAMS 0x000000070a400000, 0x000000070a400000| Untracked 
|  65|0x000000070a600000, 0x000000070a600000, 0x000000070a800000|  0%| F|  |TAMS 0x000000070a600000, 0x000000070a600000| Untracked 
|  66|0x000000070a800000, 0x000000070a800000, 0x000000070aa00000|  0%| F|  |TAMS 0x000000070a800000, 0x000000070a800000| Untracked 
|  67|0x000000070aa00000, 0x000000070aa00000, 0x000000070ac00000|  0%| F|  |TAMS 0x000000070aa00000, 0x000000070aa00000| Untracked 
|  68|0x000000070ac00000, 0x000000070ac00000, 0x000000070ae00000|  0%| F|  |TAMS 0x000000070ac00000, 0x000000070ac00000| Untracked 
|  69|0x000000070ae00000, 0x000000070ae00000, 0x000000070b000000|  0%| F|  |TAMS 0x000000070ae00000, 0x000000070ae00000| Untracked 
|  70|0x000000070b000000, 0x000000070b000000, 0x000000070b200000|  0%| F|  |TAMS 0x000000070b000000, 0x000000070b000000| Untracked 
|  71|0x000000070b200000, 0x000000070b200000, 0x000000070b400000|  0%| F|  |TAMS 0x000000070b200000, 0x000000070b200000| Untracked 
|  72|0x000000070b400000, 0x000000070b400000, 0x000000070b600000|  0%| F|  |TAMS 0x000000070b400000, 0x000000070b400000| Untracked 
|  73|0x000000070b600000, 0x000000070b600000, 0x000000070b800000|  0%| F|  |TAMS 0x000000070b600000, 0x000000070b600000| Untracked 
|  74|0x000000070b800000, 0x000000070b800000, 0x000000070ba00000|  0%| F|  |TAMS 0x000000070b800000, 0x000000070b800000| Untracked 
|  75|0x000000070ba00000, 0x000000070ba00000, 0x000000070bc00000|  0%| F|  |TAMS 0x000000070ba00000, 0x000000070ba00000| Untracked 
|  76|0x000000070bc00000, 0x000000070bc00000, 0x000000070be00000|  0%| F|  |TAMS 0x000000070bc00000, 0x000000070bc00000| Untracked 
|  77|0x000000070be00000, 0x000000070be00000, 0x000000070c000000|  0%| F|  |TAMS 0x000000070be00000, 0x000000070be00000| Untracked 
|  78|0x000000070c000000, 0x000000070c000000, 0x000000070c200000|  0%| F|  |TAMS 0x000000070c000000, 0x000000070c000000| Untracked 
|  79|0x000000070c200000, 0x000000070c200000, 0x000000070c400000|  0%| F|  |TAMS 0x000000070c200000, 0x000000070c200000| Untracked 
|  80|0x000000070c400000, 0x000000070c400000, 0x000000070c600000|  0%| F|  |TAMS 0x000000070c400000, 0x000000070c400000| Untracked 
|  81|0x000000070c600000, 0x000000070c600000, 0x000000070c800000|  0%| F|  |TAMS 0x000000070c600000, 0x000000070c600000| Untracked 
|  82|0x000000070c800000, 0x000000070c800000, 0x000000070ca00000|  0%| F|  |TAMS 0x000000070c800000, 0x000000070c800000| Untracked 
|  83|0x000000070ca00000, 0x000000070ca00000, 0x000000070cc00000|  0%| F|  |TAMS 0x000000070ca00000, 0x000000070ca00000| Untracked 
|  84|0x000000070cc00000, 0x000000070cc00000, 0x000000070ce00000|  0%| F|  |TAMS 0x000000070cc00000, 0x000000070cc00000| Untracked 
|  85|0x000000070ce00000, 0x000000070ce00000, 0x000000070d000000|  0%| F|  |TAMS 0x000000070ce00000, 0x000000070ce00000| Untracked 
|  86|0x000000070d000000, 0x000000070d000000, 0x000000070d200000|  0%| F|  |TAMS 0x000000070d000000, 0x000000070d000000| Untracked 
|  87|0x000000070d200000, 0x000000070d200000, 0x000000070d400000|  0%| F|  |TAMS 0x000000070d200000, 0x000000070d200000| Untracked 
|  88|0x000000070d400000, 0x000000070d400000, 0x000000070d600000|  0%| F|  |TAMS 0x000000070d400000, 0x000000070d400000| Untracked 
|  89|0x000000070d600000, 0x000000070d600000, 0x000000070d800000|  0%| F|  |TAMS 0x000000070d600000, 0x000000070d600000| Untracked 
|  90|0x000000070d800000, 0x000000070d800000, 0x000000070da00000|  0%| F|  |TAMS 0x000000070d800000, 0x000000070d800000| Untracked 
|  91|0x000000070da00000, 0x000000070da00000, 0x000000070dc00000|  0%| F|  |TAMS 0x000000070da00000, 0x000000070da00000| Untracked 
|  92|0x000000070dc00000, 0x000000070dc00000, 0x000000070de00000|  0%| F|  |TAMS 0x000000070dc00000, 0x000000070dc00000| Untracked 
|  93|0x000000070de00000, 0x000000070de00000, 0x000000070e000000|  0%| F|  |TAMS 0x000000070de00000, 0x000000070de00000| Untracked 
|  94|0x000000070e000000, 0x000000070e000000, 0x000000070e200000|  0%| F|  |TAMS 0x000000070e000000, 0x000000070e000000| Untracked 
|  95|0x000000070e200000, 0x000000070e200000, 0x000000070e400000|  0%| F|  |TAMS 0x000000070e200000, 0x000000070e200000| Untracked 
|  96|0x000000070e400000, 0x000000070e400000, 0x000000070e600000|  0%| F|  |TAMS 0x000000070e400000, 0x000000070e400000| Untracked 
|  97|0x000000070e600000, 0x000000070e600000, 0x000000070e800000|  0%| F|  |TAMS 0x000000070e600000, 0x000000070e600000| Untracked 
|  98|0x000000070e800000, 0x000000070e800000, 0x000000070ea00000|  0%| F|  |TAMS 0x000000070e800000, 0x000000070e800000| Untracked 
|  99|0x000000070ea00000, 0x000000070ea00000, 0x000000070ec00000|  0%| F|  |TAMS 0x000000070ea00000, 0x000000070ea00000| Untracked 
| 100|0x000000070ec00000, 0x000000070ec00000, 0x000000070ee00000|  0%| F|  |TAMS 0x000000070ec00000, 0x000000070ec00000| Untracked 
| 101|0x000000070ee00000, 0x000000070ee00000, 0x000000070f000000|  0%| F|  |TAMS 0x000000070ee00000, 0x000000070ee00000| Untracked 
| 102|0x000000070f000000, 0x000000070f000000, 0x000000070f200000|  0%| F|  |TAMS 0x000000070f000000, 0x000000070f000000| Untracked 
| 103|0x000000070f200000, 0x000000070f200000, 0x000000070f400000|  0%| F|  |TAMS 0x000000070f200000, 0x000000070f200000| Untracked 
| 104|0x000000070f400000, 0x000000070f400000, 0x000000070f600000|  0%| F|  |TAMS 0x000000070f400000, 0x000000070f400000| Untracked 
| 105|0x000000070f600000, 0x000000070f600000, 0x000000070f800000|  0%| F|  |TAMS 0x000000070f600000, 0x000000070f600000| Untracked 
| 106|0x000000070f800000, 0x000000070f800000, 0x000000070fa00000|  0%| F|  |TAMS 0x000000070f800000, 0x000000070f800000| Untracked 
| 107|0x000000070fa00000, 0x000000070fa00000, 0x000000070fc00000|  0%| F|  |TAMS 0x000000070fa00000, 0x000000070fa00000| Untracked 
| 108|0x000000070fc00000, 0x000000070fc00000, 0x000000070fe00000|  0%| F|  |TAMS 0x000000070fc00000, 0x000000070fc00000| Untracked 
| 109|0x000000070fe00000, 0x000000070fe00000, 0x0000000710000000|  0%| F|  |TAMS 0x000000070fe00000, 0x000000070fe00000| Untracked 
| 110|0x0000000710000000, 0x0000000710000000, 0x0000000710200000|  0%| F|  |TAMS 0x0000000710000000, 0x0000000710000000| Untracked 
| 111|0x0000000710200000, 0x0000000710200000, 0x0000000710400000|  0%| F|  |TAMS 0x0000000710200000, 0x0000000710200000| Untracked 
| 112|0x0000000710400000, 0x0000000710400000, 0x0000000710600000|  0%| F|  |TAMS 0x0000000710400000, 0x0000000710400000| Untracked 
| 113|0x0000000710600000, 0x0000000710600000, 0x0000000710800000|  0%| F|  |TAMS 0x0000000710600000, 0x0000000710600000| Untracked 
| 114|0x0000000710800000, 0x00000007108d5200, 0x0000000710a00000| 41%| S|CS|TAMS 0x0000000710800000, 0x0000000710800000| Complete 
| 115|0x0000000710a00000, 0x0000000710c00000, 0x0000000710c00000|100%| S|CS|TAMS 0x0000000710a00000, 0x0000000710a00000| Complete 
| 116|0x0000000710c00000, 0x0000000710c00000, 0x0000000710e00000|  0%| F|  |TAMS 0x0000000710c00000, 0x0000000710c00000| Untracked 
| 117|0x0000000710e00000, 0x0000000710e00000, 0x0000000711000000|  0%| F|  |TAMS 0x0000000710e00000, 0x0000000710e00000| Untracked 
| 118|0x0000000711000000, 0x0000000711000000, 0x0000000711200000|  0%| F|  |TAMS 0x0000000711000000, 0x0000000711000000| Untracked 
| 119|0x0000000711200000, 0x0000000711200000, 0x0000000711400000|  0%| F|  |TAMS 0x0000000711200000, 0x0000000711200000| Untracked 
| 120|0x0000000711400000, 0x0000000711400000, 0x0000000711600000|  0%| F|  |TAMS 0x0000000711400000, 0x0000000711400000| Untracked 
| 121|0x0000000711600000, 0x0000000711600000, 0x0000000711800000|  0%| F|  |TAMS 0x0000000711600000, 0x0000000711600000| Untracked 
| 122|0x0000000711800000, 0x0000000711800000, 0x0000000711a00000|  0%| F|  |TAMS 0x0000000711800000, 0x0000000711800000| Untracked 
| 123|0x0000000711a00000, 0x0000000711b585c8, 0x0000000711c00000| 67%| E|  |TAMS 0x0000000711a00000, 0x0000000711a00000| Complete 
| 124|0x0000000711c00000, 0x0000000711e00000, 0x0000000711e00000|100%| E|CS|TAMS 0x0000000711c00000, 0x0000000711c00000| Complete 
| 125|0x0000000711e00000, 0x0000000712000000, 0x0000000712000000|100%| E|CS|TAMS 0x0000000711e00000, 0x0000000711e00000| Complete 
| 126|0x0000000712000000, 0x0000000712200000, 0x0000000712200000|100%| E|CS|TAMS 0x0000000712000000, 0x0000000712000000| Complete 

Card table byte_map: [0x00000195bee90000,0x00000195bf680000] _byte_map_base: 0x00000195bb67e000

Marking Bits (Prev, Next): (CMBitMap*) 0x00000195a7a23c40, (CMBitMap*) 0x00000195a7a23c80
 Prev Bits: [0x00000195bfe70000, 0x00000195c3de0000)
 Next Bits: [0x00000195c3de0000, 0x00000195c7d50000)

Polling page: 0x00000195a5790000

Metaspace:

Usage:
  Non-class:      8.57 MB used.
      Class:    557.53 KB used.
       Both:      9.12 MB used.

Virtual space:
  Non-class space:       16.00 MB reserved,       8.62 MB ( 54%) committed,  2 nodes.
      Class space:        1.00 GB reserved,     640.00 KB ( <1%) committed,  1 nodes.
              Both:        1.02 GB reserved,       9.25 MB ( <1%) committed. 

Chunk freelists:
   Non-Class:  1.39 MB
       Class:  3.34 MB
        Both:  4.73 MB

MaxMetaspaceSize: 17179869184.00 GB
CompressedClassSpaceSize: 1.00 GB
 - commit_granule_bytes: 65536.
 - commit_granule_words: 8192.
 - virtual_space_node_default_size: 1048576.
 - enlarge_chunks_in_place: 1.
 - new_chunks_are_fully_committed: 0.
 - uncommit_free_chunks: 1.
 - use_allocation_guard: 0.
 - handle_deallocations: 1.


Internal statistics:

num_allocs_failed_limit: 0.
num_arena_births: 42.
num_arena_deaths: 0.
num_vsnodes_births: 3.
num_vsnodes_deaths: 0.
num_space_committed: 146.
num_space_uncommitted: 0.
num_chunks_returned_to_freelist: 0.
num_chunks_taken_from_freelist: 292.
num_chunk_merges: 0.
num_chunk_splits: 240.
num_chunks_enlarged: 215.
num_purges: 0.

CodeHeap 'non-profiled nmethods': size=120000Kb used=408Kb max_used=408Kb free=119591Kb
 bounds [0x00000195b6c20000, 0x00000195b6e90000, 0x00000195be150000]
CodeHeap 'profiled nmethods': size=120000Kb used=1947Kb max_used=1947Kb free=118053Kb
 bounds [0x00000195af6f0000, 0x00000195af960000, 0x00000195b6c20000]
CodeHeap 'non-nmethods': size=5760Kb used=1799Kb max_used=1828Kb free=3960Kb
 bounds [0x00000195af150000, 0x00000195af3c0000, 0x00000195af6f0000]
 total_blobs=2304 nmethods=1019 adapters=1198
 compilation: enabled
              stopped_count=0, restarted_count=0
 full_count=0

Compilation events (20 events):
Event: 1.450 Thread 0x00000195ca9cd690 1013 % !   3       com.badlogic.gdx.backends.lwjgl3.audio.OggInputStream::readPCM @ 246 (683 bytes)
Event: 1.452 Thread 0x00000195ca9cd690 nmethod 1013% 0x00000195af8cfc90 code [0x00000195af8d01c0, 0x00000195af8d2cc8]
Event: 1.452 Thread 0x00000195ca9cd690 1015 %s    3       com.jcraft.jorbis.Mdct::backward @ 344 (468 bytes)
Event: 1.452 Thread 0x00000195ca9cd690 nmethod 1015% 0x00000195af8d3f10 code [0x00000195af8d4180, 0x00000195af8d4f68]
Event: 1.453 Thread 0x00000195ca9cd690 1016  s    3       com.jcraft.jorbis.Mdct::backward (468 bytes)
Event: 1.453 Thread 0x00000195ca9cd690 nmethod 1016 0x00000195af8d5710 code [0x00000195af8d5960, 0x00000195af8d6548]
Event: 1.454 Thread 0x00000195d2149240 nmethod 1008 0x00000195b6c7c990 code [0x00000195b6c7cb40, 0x00000195b6c7d738]
Event: 1.454 Thread 0x00000195d2149240 1009 %     4       com.jcraft.jorbis.Floor1::render_line @ 78 (143 bytes)
Event: 1.457 Thread 0x00000195ca9c4860 nmethod 1003% 0x00000195b6c7dd10 code [0x00000195b6c7dec0, 0x00000195b6c7e898]
Event: 1.457 Thread 0x00000195ca9c4860 1011 %     4       com.jcraft.jorbis.DspState::synthesis_blockin @ 543 (711 bytes)
Event: 1.458 Thread 0x00000195cb762d00 nmethod 1006% 0x00000195b6c7ed90 code [0x00000195b6c7ef80, 0x00000195b6c80238]
Event: 1.458 Thread 0x00000195cb762d00 1014 %     4       com.jcraft.jorbis.Block::synthesis @ 254 (328 bytes)
Event: 1.460 Thread 0x00000195d2149240 nmethod 1009% 0x00000195b6c80c10 code [0x00000195b6c80da0, 0x00000195b6c811f8]
Event: 1.460 Thread 0x00000195d2149240 1017 % !   4       com.badlogic.gdx.backends.lwjgl3.audio.OggInputStream::readPCM @ 246 (683 bytes)
Event: 1.467 Thread 0x00000195cb762d00 nmethod 1014% 0x00000195b6c81390 code [0x00000195b6c81560, 0x00000195b6c81ae8]
Event: 1.467 Thread 0x00000195cb762d00 1018       4       sun.misc.Unsafe::putByte (9 bytes)
Event: 1.467 Thread 0x00000195cb762d00 nmethod 1018 0x00000195b6c81f90 code [0x00000195b6c82100, 0x00000195b6c82178]
Event: 1.471 Thread 0x00000195ca9c4860 nmethod 1011% 0x00000195b6c82290 code [0x00000195b6c82440, 0x00000195b6c82db8]
Event: 1.475 Thread 0x00000195ca9c4860 1019       4       java.lang.CharacterData::of (124 bytes)
Event: 1.475 Thread 0x00000195ca9c4860 nmethod 1019 0x00000195b6c83210 code [0x00000195b6c833a0, 0x00000195b6c83418]

GC Heap History (2 events):
Event: 1.157 GC heap before
{Heap before GC invocations=0 (full 0):
 garbage-first heap   total 260096K, used 20480K [0x0000000702400000, 0x0000000800000000)
  region size 2048K, 11 young (22528K), 0 survivors (0K)
 Metaspace       used 7943K, committed 8128K, reserved 1064960K
  class space    used 431K, committed 512K, reserved 1048576K
}
Event: 1.165 GC heap after
{Heap after GC invocations=1 (full 0):
 garbage-first heap   total 260096K, used 2900K [0x0000000702400000, 0x0000000800000000)
  region size 2048K, 2 young (4096K), 2 survivors (4096K)
 Metaspace       used 7943K, committed 8128K, reserved 1064960K
  class space    used 431K, committed 512K, reserved 1048576K
}

Deoptimization events (20 events):
Event: 1.416 Thread 0x00000195a79d1190 DEOPT PACKING pc=0x00000195af8a79d9 sp=0x00000047964fe450
Event: 1.416 Thread 0x00000195a79d1190 DEOPT UNPACKING pc=0x00000195af19dece sp=0x00000047964fd8c8 mode 0
Event: 1.416 Thread 0x00000195a79d1190 DEOPT PACKING pc=0x00000195af8a79d9 sp=0x00000047964fe450
Event: 1.416 Thread 0x00000195a79d1190 DEOPT UNPACKING pc=0x00000195af19dece sp=0x00000047964fd8c8 mode 0
Event: 1.417 Thread 0x00000195a79d1190 DEOPT PACKING pc=0x00000195af8a79d9 sp=0x00000047964fe450
Event: 1.417 Thread 0x00000195a79d1190 DEOPT UNPACKING pc=0x00000195af19dece sp=0x00000047964fd8c8 mode 0
Event: 1.417 Thread 0x00000195a79d1190 DEOPT PACKING pc=0x00000195af8a79d9 sp=0x00000047964fe450
Event: 1.417 Thread 0x00000195a79d1190 DEOPT UNPACKING pc=0x00000195af19dece sp=0x00000047964fd8c8 mode 0
Event: 1.419 Thread 0x00000195a79d1190 DEOPT PACKING pc=0x00000195af8a79d9 sp=0x00000047964fe450
Event: 1.419 Thread 0x00000195a79d1190 DEOPT UNPACKING pc=0x00000195af19dece sp=0x00000047964fd8c8 mode 0
Event: 1.419 Thread 0x00000195a79d1190 DEOPT PACKING pc=0x00000195af8a79d9 sp=0x00000047964fe450
Event: 1.419 Thread 0x00000195a79d1190 DEOPT UNPACKING pc=0x00000195af19dece sp=0x00000047964fd8c8 mode 0
Event: 1.419 Thread 0x00000195a79d1190 DEOPT PACKING pc=0x00000195af8a79d9 sp=0x00000047964fe450
Event: 1.419 Thread 0x00000195a79d1190 DEOPT UNPACKING pc=0x00000195af19dece sp=0x00000047964fd8c8 mode 0
Event: 1.420 Thread 0x00000195a79d1190 DEOPT PACKING pc=0x00000195af8a79d9 sp=0x00000047964fe450
Event: 1.420 Thread 0x00000195a79d1190 DEOPT UNPACKING pc=0x00000195af19dece sp=0x00000047964fd8c8 mode 0
Event: 1.420 Thread 0x00000195a79d1190 DEOPT PACKING pc=0x00000195af8a79d9 sp=0x00000047964fe450
Event: 1.420 Thread 0x00000195a79d1190 DEOPT UNPACKING pc=0x00000195af19dece sp=0x00000047964fd8c8 mode 0
Event: 1.420 Thread 0x00000195a79d1190 DEOPT PACKING pc=0x00000195af8a79d9 sp=0x00000047964fe450
Event: 1.420 Thread 0x00000195a79d1190 DEOPT UNPACKING pc=0x00000195af19dece sp=0x00000047964fd8c8 mode 0

Classes unloaded (0 events):
No events

Classes redefined (0 events):
No events

Internal exceptions (19 events):
Event: 0.146 Thread 0x00000195cb7659b0 Exception <a 'java/lang/NoSuchMethodError'{0x0000000711c7bee8}: 'java.lang.Object java.lang.invoke.DirectMethodHandle$Holder.invokeStatic(java.lang.Object)'> (0x0000000711c7bee8) 
thrown [t:\workspace\open\src\hotspot\share\interpreter\linkResolver.cpp, line 790]
Event: 0.147 Thread 0x00000195cb7659b0 Exception <a 'java/lang/NoSuchMethodError'{0x0000000711c7f7f8}: 'java.lang.Object java.lang.invoke.DirectMethodHandle$Holder.invokeStaticInit(java.lang.Object)'> (0x0000000711c7f7f8) 
thrown [t:\workspace\open\src\hotspot\share\interpreter\linkResolver.cpp, line 790]
Event: 0.152 Thread 0x00000195cb7659b0 Exception <a 'java/lang/NoSuchMethodError'{0x0000000711c8d440}: 'void java.lang.invoke.DirectMethodHandle$Holder.invokeStatic(java.lang.Object, java.lang.Object)'> (0x0000000711c8d440) 
thrown [t:\workspace\open\src\hotspot\share\interpreter\linkResolver.cpp, line 790]
Event: 0.201 Thread 0x00000195a79d1190 Exception <a 'java/lang/NoSuchMethodError'{0x0000000711b43100}: 'void java.lang.invoke.DirectMethodHandle$Holder.invokeSpecial(java.lang.Object, java.lang.Object, java.lang.Object)'> (0x0000000711b43100) 
thrown [t:\workspace\open\src\hotspot\share\interpreter\linkResolver.cpp, line 790]
Event: 0.203 Thread 0x00000195a79d1190 Exception <a 'java/lang/NoSuchMethodError'{0x0000000711b577c0}: 'java.lang.Object java.lang.invoke.DirectMethodHandle$Holder.invokeStatic(java.lang.Object, java.lang.Object, int)'> (0x0000000711b577c0) 
thrown [t:\workspace\open\src\hotspot\share\interpreter\linkResolver.cpp, line 790]
Event: 0.204 Thread 0x00000195a79d1190 Exception <a 'java/lang/NoSuchMethodError'{0x0000000711b63968}: 'void java.lang.invoke.DelegatingMethodHandle$Holder.delegate(java.lang.Object, java.lang.Object, int, java.lang.Object)'> (0x0000000711b63968) 
thrown [t:\workspace\open\src\hotspot\share\interpreter\linkResolver.cpp, line 790]
Event: 0.205 Thread 0x00000195a79d1190 Exception <a 'java/lang/NoSuchMethodError'{0x0000000711b67ab8}: 'int java.lang.invoke.DirectMethodHandle$Holder.invokeSpecial(java.lang.Object, java.lang.Object, java.lang.Object)'> (0x0000000711b67ab8) 
thrown [t:\workspace\open\src\hotspot\share\interpreter\linkResolver.cpp, line 790]
Event: 0.229 Thread 0x00000195a79d1190 Exception <a 'sun/nio/fs/WindowsException'{0x0000000711bd00b8}> (0x0000000711bd00b8) 
thrown [t:\workspace\open\src\hotspot\share\prims\jni.cpp, line 579]
Event: 0.229 Thread 0x00000195a79d1190 Exception <a 'sun/nio/fs/WindowsException'{0x0000000711bd0610}> (0x0000000711bd0610) 
thrown [t:\workspace\open\src\hotspot\share\prims\jni.cpp, line 579]
Event: 0.246 Thread 0x00000195a79d1190 Exception <a 'sun/nio/fs/WindowsException'{0x0000000711839268}> (0x0000000711839268) 
thrown [t:\workspace\open\src\hotspot\share\prims\jni.cpp, line 579]
Event: 0.247 Thread 0x00000195a79d1190 Exception <a 'sun/nio/fs/WindowsException'{0x0000000711839608}> (0x0000000711839608) 
thrown [t:\workspace\open\src\hotspot\share\prims\jni.cpp, line 579]
Event: 0.272 Thread 0x00000195a79d1190 Exception <a 'sun/nio/fs/WindowsException'{0x00000007118d2d50}> (0x00000007118d2d50) 
thrown [t:\workspace\open\src\hotspot\share\prims\jni.cpp, line 579]
Event: 0.272 Thread 0x00000195a79d1190 Exception <a 'sun/nio/fs/WindowsException'{0x00000007118d30c0}> (0x00000007118d30c0) 
thrown [t:\workspace\open\src\hotspot\share\prims\jni.cpp, line 579]
Event: 0.463 Thread 0x00000195a79d1190 Exception <a 'sun/nio/fs/WindowsException'{0x0000000711958030}> (0x0000000711958030) 
thrown [t:\workspace\open\src\hotspot\share\prims\jni.cpp, line 579]
Event: 0.463 Thread 0x00000195a79d1190 Exception <a 'sun/nio/fs/WindowsException'{0x00000007119583b8}> (0x00000007119583b8) 
thrown [t:\workspace\open\src\hotspot\share\prims\jni.cpp, line 579]
Event: 0.867 Thread 0x00000195a79d1190 Exception <a 'sun/nio/fs/WindowsException'{0x0000000711770588}> (0x0000000711770588) 
thrown [t:\workspace\open\src\hotspot\share\prims\jni.cpp, line 579]
Event: 0.867 Thread 0x00000195a79d1190 Exception <a 'sun/nio/fs/WindowsException'{0x0000000711770938}> (0x0000000711770938) 
thrown [t:\workspace\open\src\hotspot\share\prims\jni.cpp, line 579]
Event: 0.870 Thread 0x00000195a79d1190 Exception <a 'sun/nio/fs/WindowsException'{0x0000000711782a98}> (0x0000000711782a98) 
thrown [t:\workspace\open\src\hotspot\share\prims\jni.cpp, line 579]
Event: 0.870 Thread 0x00000195a79d1190 Exception <a 'sun/nio/fs/WindowsException'{0x0000000711782d80}> (0x0000000711782d80) 
thrown [t:\workspace\open\src\hotspot\share\prims\jni.cpp, line 579]

Events (20 events):
Event: 1.090 loading class sun/util/resources/TimeZoneNamesBundle
Event: 1.090 loading class sun/util/resources/OpenListResourceBundle
Event: 1.090 loading class sun/util/resources/OpenListResourceBundle done
Event: 1.090 loading class sun/util/resources/TimeZoneNamesBundle done
Event: 1.090 loading class sun/util/resources/cldr/TimeZoneNames done
Event: 1.092 loading class sun/util/resources/cldr/TimeZoneNames_en
Event: 1.094 loading class sun/util/resources/cldr/TimeZoneNames_en done
Event: 1.095 loading class sun/util/resources/cldr/TimeZoneNames_en_US
Event: 1.095 loading class sun/util/resources/cldr/TimeZoneNames_en_US done
Event: 1.097 loading class java/util/LinkedHashMap$LinkedKeySet
Event: 1.098 loading class java/util/LinkedHashMap$LinkedKeySet done
Event: 1.102 loading class java/lang/AssertionError
Event: 1.102 loading class java/lang/AssertionError done
Event: 1.116 Thread 0x00000195d1eda470 Thread exited: 0x00000195d1eda470
Event: 1.153 loading class java/lang/ArrayIndexOutOfBoundsException
Event: 1.153 loading class java/lang/ArrayIndexOutOfBoundsException done
Event: 1.157 Executing  VM operation: G1CollectForAllocation
Event: 1.165 Executing  VM operation: G1CollectForAllocation done
Event: 1.411 Thread 0x00000195d2149240 Thread added: 0x00000195d2149240
Event: 1.432 Thread 0x00000195cb762d00 Thread added: 0x00000195cb762d00


Dynamic libraries:
0x00007ff635640000 - 0x00007ff635650000 	C:\Program Files\Java\jdk-16.0.2\bin\java.exe
0x00007ff96b050000 - 0x00007ff96b245000 	C:\Windows\SYSTEM32\ntdll.dll
0x00007ff96ac80000 - 0x00007ff96ad3e000 	C:\Windows\System32\KERNEL32.DLL
0x00007ff9687c0000 - 0x00007ff968a89000 	C:\Windows\System32\KERNELBASE.dll
0x00007ff968ba0000 - 0x00007ff968ca0000 	C:\Windows\System32\ucrtbase.dll
0x00007ff961bc0000 - 0x00007ff961bd8000 	C:\Program Files\Java\jdk-16.0.2\bin\jli.dll
0x00007ff9601b0000 - 0x00007ff9601c9000 	C:\Program Files\Java\jdk-16.0.2\bin\VCRUNTIME140.dll
0x00007ff969d70000 - 0x00007ff969e1c000 	C:\Windows\System32\ADVAPI32.dll
0x00007ff96aef0000 - 0x00007ff96af8e000 	C:\Windows\System32\msvcrt.dll
0x00007ff96adf0000 - 0x00007ff96ae8b000 	C:\Windows\System32\sechost.dll
0x00007ff96a7c0000 - 0x00007ff96a8ea000 	C:\Windows\System32\RPCRT4.dll
0x00007ff9695e0000 - 0x00007ff969781000 	C:\Windows\System32\USER32.dll
0x00007ff953fc0000 - 0x00007ff95425a000 	C:\Windows\WinSxS\amd64_microsoft.windows.common-controls_6595b64144ccf1df_6.0.19041.1110_none_60b5254171f9507e\COMCTL32.dll
0x00007ff968e00000 - 0x00007ff968e22000 	C:\Windows\System32\win32u.dll
0x00007ff96a8f0000 - 0x00007ff96a91b000 	C:\Windows\System32\GDI32.dll
0x00007ff968a90000 - 0x00007ff968b9b000 	C:\Windows\System32\gdi32full.dll
0x00007ff969000000 - 0x00007ff96909d000 	C:\Windows\System32\msvcp_win.dll
0x00007ff962610000 - 0x00007ff96261a000 	C:\Windows\SYSTEM32\VERSION.dll
0x00007ff969c20000 - 0x00007ff969c50000 	C:\Windows\System32\IMM32.DLL
0x00007ff965de0000 - 0x00007ff965dec000 	C:\Program Files\Java\jdk-16.0.2\bin\vcruntime140_1.dll
0x00007ff95a500000 - 0x00007ff95a591000 	C:\Program Files\Java\jdk-16.0.2\bin\msvcp140.dll
0x00007ff8c4190000 - 0x00007ff8c4d3b000 	C:\Program Files\Java\jdk-16.0.2\bin\server\jvm.dll
0x00007ff96a6d0000 - 0x00007ff96a6d8000 	C:\Windows\System32\PSAPI.DLL
0x00007ff955a00000 - 0x00007ff955a27000 	C:\Windows\SYSTEM32\WINMM.dll
0x00007ff9559a0000 - 0x00007ff9559a9000 	C:\Windows\SYSTEM32\WSOCK32.dll
0x00007ff96a6f0000 - 0x00007ff96a75b000 	C:\Windows\System32\WS2_32.dll
0x00007ff966670000 - 0x00007ff966682000 	C:\Windows\SYSTEM32\kernel.appcore.dll
0x00007ff9603f0000 - 0x00007ff9603fa000 	C:\Program Files\Java\jdk-16.0.2\bin\jimage.dll
0x00007ff94f980000 - 0x00007ff94fb64000 	C:\Windows\SYSTEM32\DBGHELP.DLL
0x00007ff94f8b0000 - 0x00007ff94f8dc000 	C:\Windows\SYSTEM32\dbgcore.DLL
0x00007ff968e30000 - 0x00007ff968eb3000 	C:\Windows\System32\bcryptPrimitives.dll
0x00007ff95ff50000 - 0x00007ff95ff5e000 	C:\Program Files\Java\jdk-16.0.2\bin\instrument.dll
0x00007ff95a4d0000 - 0x00007ff95a4f5000 	C:\Program Files\Java\jdk-16.0.2\bin\java.dll
0x00007ff969ed0000 - 0x00007ff96a60f000 	C:\Windows\System32\SHELL32.dll
0x00007ff966870000 - 0x00007ff967000000 	C:\Windows\SYSTEM32\windows.storage.dll
0x00007ff96a920000 - 0x00007ff96ac75000 	C:\Windows\System32\combase.dll
0x00007ff9681c0000 - 0x00007ff9681ec000 	C:\Windows\SYSTEM32\Wldp.dll
0x00007ff96ad40000 - 0x00007ff96aded000 	C:\Windows\System32\SHCORE.dll
0x00007ff969580000 - 0x00007ff9695d5000 	C:\Windows\System32\shlwapi.dll
0x00007ff9686b0000 - 0x00007ff9686cf000 	C:\Windows\SYSTEM32\profapi.dll
0x00007ff959650000 - 0x00007ff959668000 	C:\Program Files\Java\jdk-16.0.2\bin\zip.dll
0x00007ff95a4b0000 - 0x00007ff95a4c9000 	C:\Program Files\Java\jdk-16.0.2\bin\net.dll
0x00007ff9615f0000 - 0x00007ff9616f8000 	C:\Windows\SYSTEM32\WINHTTP.dll
0x00007ff967f20000 - 0x00007ff967f8a000 	C:\Windows\system32\mswsock.dll
0x00007ff95a490000 - 0x00007ff95a4a3000 	C:\Program Files\Java\jdk-16.0.2\bin\nio.dll
0x00007ff959630000 - 0x00007ff95964a000 	C:\Program Files\JetBrains\IntelliJ IDEA 2021.2.1\bin\breakgen64.dll
0x000000006e700000 - 0x000000006e72a000 	C:\Users\Migst\AppData\Local\Temp\libgdxMigst\e1cd32f8\gdx64.dll
0x00007ff8c98e0000 - 0x00007ff8c9944000 	C:\Users\Migst\AppData\Local\Temp\lwjglMigst\3.2.3-build-13\lwjgl.dll
0x00007ff8c8d70000 - 0x00007ff8c8fc3000 	C:\Users\Migst\AppData\Local\Temp\lwjglMigst\3.2.3-build-13\jemalloc.dll
0x00007ff8c9740000 - 0x00007ff8c97a2000 	C:\Users\Migst\AppData\Local\Temp\lwjglMigst\3.2.3-build-13\glfw.dll
0x00007ff966190000 - 0x00007ff96622e000 	C:\Windows\system32\uxtheme.dll
0x00007ff8cc710000 - 0x00007ff8cc755000 	C:\Windows\SYSTEM32\dinput8.dll
0x00007ff92da20000 - 0x00007ff92da31000 	C:\Windows\SYSTEM32\xinput1_4.dll
0x00007ff968770000 - 0x00007ff9687be000 	C:\Windows\System32\cfgmgr32.dll
0x00007ff968510000 - 0x00007ff968544000 	C:\Windows\SYSTEM32\DEVOBJ.dll
0x00007ff966490000 - 0x00007ff9664bf000 	C:\Windows\SYSTEM32\dwmapi.dll
0x00007ff9574e0000 - 0x00007ff957632000 	C:\Windows\SYSTEM32\inputhost.dll
0x00007ff969b50000 - 0x00007ff969c1d000 	C:\Windows\System32\OLEAUT32.dll
0x00007ff965cd0000 - 0x00007ff965dc2000 	C:\Windows\SYSTEM32\CoreMessaging.dll
0x00007ff964490000 - 0x00007ff9645e4000 	C:\Windows\SYSTEM32\wintypes.dll
0x00007ff964310000 - 0x00007ff964406000 	C:\Windows\SYSTEM32\PROPSYS.dll
0x00007ff965970000 - 0x00007ff965cce000 	C:\Windows\SYSTEM32\CoreUIComponents.dll
0x00007ff967460000 - 0x00007ff967493000 	C:\Windows\SYSTEM32\ntmarta.dll
0x00007ff969c50000 - 0x00007ff969d65000 	C:\Windows\System32\MSCTF.dll
0x00007ff967000000 - 0x00007ff96700d000 	C:\Windows\SYSTEM32\HID.DLL
0x00007ff9690a0000 - 0x00007ff969512000 	C:\Windows\System32\SETUPAPI.DLL
0x00007ff968fd0000 - 0x00007ff968ff7000 	C:\Windows\System32\bcrypt.dll
0x00007ff968ec0000 - 0x00007ff968f20000 	C:\Windows\System32\WINTRUST.dll
0x00007ff968ca0000 - 0x00007ff968df6000 	C:\Windows\System32\CRYPT32.dll
0x00007ff968350000 - 0x00007ff968362000 	C:\Windows\SYSTEM32\MSASN1.dll
0x00007ff8c7c40000 - 0x00007ff8c7d4b000 	C:\Users\Migst\AppData\Local\Temp\lwjglMigst\3.2.3-build-13\OpenAL.dll
0x00007ff969a20000 - 0x00007ff969b4a000 	C:\Windows\System32\ole32.dll
0x00007ff96a620000 - 0x00007ff96a6c9000 	C:\Windows\System32\clbcatq.dll
0x00007ff9618c0000 - 0x00007ff961945000 	C:\Windows\System32\MMDevApi.dll
0x00007ff961950000 - 0x00007ff961ad1000 	C:\Windows\SYSTEM32\AUDIOSES.DLL
0x00007ff967d30000 - 0x00007ff967d7b000 	C:\Windows\SYSTEM32\powrprof.dll
0x00007ff967ba0000 - 0x00007ff967bb2000 	C:\Windows\SYSTEM32\UMPDC.dll
0x00007ff966260000 - 0x00007ff966274000 	C:\Windows\SYSTEM32\resourcepolicyclient.dll
0x00007ff9596c0000 - 0x00007ff9597e5000 	C:\Windows\SYSTEM32\opengl32.dll
0x00007ff961770000 - 0x00007ff96179c000 	C:\Windows\SYSTEM32\GLU32.dll
0x00007ff9626f0000 - 0x00007ff9627e9000 	C:\Windows\System32\AppXDeploymentClient.dll
0x00007ff8b15c0000 - 0x00007ff8b25c4000 	C:\Windows\System32\DriverStore\FileRepository\iigd_dch.inf_amd64_d00bfc0321d1b42a\ig9icd64.dll
0x00007ff967060000 - 0x00007ff967154000 	C:\Windows\system32\dxgi.dll
0x00007ff95fb30000 - 0x00007ff95fb6b000 	C:\Windows\SYSTEM32\dxcore.dll
0x00007ff95bfd0000 - 0x00007ff95e330000 	C:\Windows\System32\DriverStore\FileRepository\iigd_dch.inf_amd64_d00bfc0321d1b42a\igc64.dll
0x00007ff95e630000 - 0x00007ff95e750000 	C:\Windows\System32\DriverStore\FileRepository\iigd_dch.inf_amd64_d00bfc0321d1b42a\igdgmm64.dll
0x00007ff963150000 - 0x00007ff9631fe000 	C:\Windows\SYSTEM32\mscms.dll
0x00007ff968670000 - 0x00007ff96869e000 	C:\Windows\SYSTEM32\USERENV.dll
0x00007ff963110000 - 0x00007ff963121000 	C:\Windows\SYSTEM32\ColorAdapterClient.dll
0x00007ff8c96c0000 - 0x00007ff8c9703000 	C:\Windows\SYSTEM32\icm32.dll
0x00007ff8c9270000 - 0x00007ff8c92c9000 	C:\Users\Migst\AppData\Local\Temp\lwjglMigst\3.2.3-build-13\lwjgl_opengl.dll
0x00007ff957a70000 - 0x00007ff957b69000 	C:\Windows\SYSTEM32\textinputframework.dll
0x000000006fb00000 - 0x000000006fff3000 	C:\Users\Migst\AppData\Local\Temp\libgdxMigst\228b2c81\gdx-bullet64.dll

dbghelp: loaded successfully - version: 4.0.5 - missing functions: none
symbol engine: initialized successfully - sym options: 0x614 - pdb path: .;C:\Program Files\Java\jdk-16.0.2\bin;C:\Windows\SYSTEM32;C:\Windows\WinSxS\amd64_microsoft.windows.common-controls_6595b64144ccf1df_6.0.19041.1110_none_60b5254171f9507e;C:\Program Files\Java\jdk-16.0.2\bin\server;C:\Program Files\JetBrains\IntelliJ IDEA 2021.2.1\bin;C:\Users\Migst\AppData\Local\Temp\libgdxMigst\e1cd32f8;C:\Users\Migst\AppData\Local\Temp\lwjglMigst\3.2.3-build-13;C:\Windows\System32\DriverStore\FileRepository\iigd_dch.inf_amd64_d00bfc0321d1b42a;C:\Users\Migst\AppData\Local\Temp\libgdxMigst\228b2c81

VM Arguments:
jvm_args: -javaagent:C:\Program Files\JetBrains\IntelliJ IDEA 2021.2.1\lib\idea_rt.jar=53244:C:\Program Files\JetBrains\IntelliJ IDEA 2021.2.1\bin -Dfile.encoding=UTF-8 
java_command: com.platformer.game.desktop.DesktopLauncher
java_class_path (initial): C:\Users\Migst\OneDrive\Documents\Lightning Bolt Town\Build4\Build1.0.7V\Build1.0.6V\target\classes;C:\Users\Migst\.m2\repository\com\badlogicgames\gdx\gdx-box2d-platform\1.10.0\gdx-box2d-platform-1.10.0-natives-desktop.jar;C:\Users\Migst\.m2\repository\com\badlogicgames\gdx\gdx-platform\1.10.0\gdx-platform-1.10.0-natives-desktop.jar;C:\Users\Migst\.m2\repository\com\badlogicgames\gdx\gdx\1.10.0\gdx-1.10.0.jar;C:\Users\Migst\.m2\repository\com\badlogicgames\gdx\gdx-backend-lwjgl3\1.10.0\gdx-backend-lwjgl3-1.10.0.jar;C:\Users\Migst\.m2\repository\org\lwjgl\lwjgl\3.2.3\lwjgl-3.2.3.jar;C:\Users\Migst\.m2\repository\org\lwjgl\lwjgl\3.2.3\lwjgl-3.2.3-natives-windows.jar;C:\Users\Migst\.m2\repository\org\lwjgl\lwjgl\3.2.3\lwjgl-3.2.3-natives-windows-x86.jar;C:\Users\Migst\.m2\repository\org\lwjgl\lwjgl\3.2.3\lwjgl-3.2.3-natives-linux.jar;C:\Users\Migst\.m2\repository\org\lwjgl\lwjgl\3.2.3\lwjgl-3.2.3-natives-linux-arm32.jar;C:\Users\Migst\.m2\repository\org\lwjgl\lwjgl\3.2.3\lwjgl-3.2.3-natives-linux-arm64.jar;C:\Users\Migst\.m2\repository\org\lwjgl\lwjgl\3.2.3\lwjgl-3.2.3-natives-macos.jar;C:\Users\Migst\.m2\repository\org\lwjgl\lwjgl-glfw\3.2.3\lwjgl-glfw-3.2.3.jar;C:\Users\Migst\.m2\repository\org\lwjgl\lwjgl-glfw\3.2.3\lwjgl-glfw-3.2.3-natives-windows.jar;C:\Users\Migst\.m2\repository\org\lwjgl\lwjgl-glfw\3.2.3\lwjgl-glfw-3.2.3-natives-windows-x86.jar;C:\Users\Migst\.m2\repository\org\lwjgl\lwjgl-glfw\3.2.3\lwjgl-glfw-3.2.3-natives-linux.jar;C:\Users\Migst\.m2\repository\org\lwjgl\lwjgl-glfw\3.2.3\lwjgl-glfw-3.2.3-natives-linux-arm32.jar;C:\Users\Migst\.m2\repository\org\lwjgl\lwjgl-glfw\3.2.3\lwjgl-glfw-3.2.3-natives-linux-arm64.jar;C:\Users\Migst\.m2\repository\org\lwjgl\lwjgl-glfw\3.2.3\lwjgl-glfw-3.2.3-natives-macos.jar;C:\Users\Migst\.m2\repository\org\lwjgl\lwjgl-jemalloc\3.2.3\lwjgl-jemalloc-3.2.3.jar;C:\Users\Migst\.m2\repository\org\lwjgl\lwjgl-jemalloc\3.2.3\lwjgl-jemalloc-3.2.3-natives-windows.jar;C:\Users\Migst\.m2\repository\o
Launcher Type: SUN_STANDARD

[Global flags]
     intx CICompilerCount                          = 4                                         {product} {ergonomic}
     uint ConcGCThreads                            = 3                                         {product} {ergonomic}
     uint G1ConcRefinementThreads                  = 10                                        {product} {ergonomic}
   size_t G1HeapRegionSize                         = 2097152                                   {product} {ergonomic}
    uintx GCDrainStackTargetSize                   = 64                                        {product} {ergonomic}
   size_t InitialHeapSize                          = 266338304                                 {product} {ergonomic}
   size_t MarkStackSize                            = 4194304                                   {product} {ergonomic}
   size_t MaxHeapSize                              = 4257218560                                {product} {ergonomic}
   size_t MaxNewSize                               = 2554331136                                {product} {ergonomic}
   size_t MinHeapDeltaBytes                        = 2097152                                   {product} {ergonomic}
   size_t MinHeapSize                              = 8388608                                   {product} {ergonomic}
    uintx NonNMethodCodeHeapSize                   = 5839372                                {pd product} {ergonomic}
    uintx NonProfiledCodeHeapSize                  = 122909434                              {pd product} {ergonomic}
    uintx ProfiledCodeHeapSize                     = 122909434                              {pd product} {ergonomic}
    uintx ReservedCodeCacheSize                    = 251658240                              {pd product} {ergonomic}
     bool SegmentedCodeCache                       = true                                      {product} {ergonomic}
   size_t SoftMaxHeapSize                          = 4257218560                             {manageable} {ergonomic}
     bool UseCompressedClassPointers               = true                           {product lp64_product} {ergonomic}
     bool UseCompressedOops                        = true                           {product lp64_product} {ergonomic}
     bool UseG1GC                                  = true                                      {product} {ergonomic}
     bool UseLargePagesIndividualAllocation        = false                                  {pd product} {ergonomic}

Logging:
Log output configuration:
 #0: stdout all=warning uptime,level,tags
 #1: stderr all=off uptime,level,tags

Environment Variables:
PATH=C:\Program Files\Common Files\Oracle\Java\javapath;C:\Program Files (x86)\Common Files\Oracle\Java\javapath;C:\Windows\system32;C:\Windows;C:\Windows\System32\Wbem;C:\Windows\System32\WindowsPowerShell\v1.0\;C:\Windows\System32\OpenSSH\;C:\Program Files\NVIDIA Corporation\NVIDIA NvDLISR;C:\Program Files (x86)\NVIDIA Corporation\PhysX\Common;C:\Tools\Gradle\Git\cmd;C:\Users\Migst\AppData\Local\Microsoft\WindowsApps;C:\Tools\gradle-7.2\bin;
USERNAME=Migst
OS=Windows_NT
PROCESSOR_IDENTIFIER=Intel64 Family 6 Model 158 Stepping 10, GenuineIntel



---------------  S Y S T E M  ---------------

OS:
 Windows 10 , 64 bit Build 19041 (10.0.19041.1202)
OS uptime: 5 days 3:44 hours

CPU: total 12 (initial active 12) (6 cores per cpu, 2 threads per core) family 6 model 158 stepping 10 microcode 0xb4, cx8, cmov, fxsr, ht, mmx, 3dnowpref, sse, sse2, sse3, ssse3, sse4.1, sse4.2, popcnt, lzcnt, tsc, tscinvbit, avx, avx2, aes, erms, clmul, bmi1, bmi2, adx, fma, vzeroupper, clflush, clflushopt

Memory: 4k page, system-wide physical 16233M (7835M free)
TotalPageFile size 28233M (AvailPageFile size 16791M)
current process WorkingSet (physical memory assigned to process): 187M, peak: 191M
current process commit charge ("private bytes"): 447M, peak: 452M

vm_info: Java HotSpot(TM) 64-Bit Server VM (16.0.2+7-67) for windows-amd64 JRE (16.0.2+7-67), built on Jun  8 2021 23:24:19 by "mach5one" with MS VC++ 16.7 (VS2019)

END.
