#
# A fatal error has been detected by the Java Runtime Environment:
#
#  EXCEPTION_ACCESS_VIOLATION (0xc0000005) at pc=0x000000006e7056e0, pid=7440, tid=13628
#
# JRE version: Java(TM) SE Runtime Environment (16.0.2+7) (build 16.0.2+7-67)
# Java VM: Java HotSpot(TM) 64-Bit Server VM (16.0.2+7-67, mixed mode, sharing, tiered, compressed oops, compressed class ptrs, g1 gc, windows-amd64)
# Problematic frame:
# C  [gdx64.dll+0x56e0]
#
# No core dump will be written. Minidumps are not enabled by default on client versions of Windows
#
# If you would like to submit a bug report, please visit:
#   https://bugreport.java.com/bugreport/crash.jsp
# The crash happened outside the Java Virtual Machine in native code.
# See problematic frame for where to report the bug.
#

---------------  S U M M A R Y ------------

Command Line: -javaagent:C:\Program Files\JetBrains\IntelliJ IDEA Community Edition 2021.2.1\lib\idea_rt.jar=54959:C:\Program Files\JetBrains\IntelliJ IDEA Community Edition 2021.2.1\bin -Dfile.encoding=UTF-8 com.platformer.game.desktop.DesktopLauncher

Host: Intel(R) Core(TM) i5-8400 CPU @ 2.80GHz, 6 cores, 15G,  Windows 10 , 64 bit Build 19041 (10.0.19041.1202)
Time: Fri Oct  8 01:13:46 2021 Eastern Daylight Time elapsed time: 0.949271 seconds (0d 0h 0m 0s)

---------------  T H R E A D  ---------------

Current thread (0x0000025565dd9080):  JavaThread "main" [_thread_in_native, id=13628, stack(0x0000009ba0700000,0x0000009ba0800000)]

Stack: [0x0000009ba0700000,0x0000009ba0800000],  sp=0x0000009ba07fec58,  free space=1019k
Native frames: (J=compiled Java code, j=interpreted, Vv=VM code, C=native code)
C  [gdx64.dll+0x56e0]

Java frames: (J=compiled Java code, j=interpreted, Vv=VM code)
j  com.badlogic.gdx.graphics.g2d.Gdx2DPixmap.drawPixmap(JJIIIIIIII)V+0
j  com.badlogic.gdx.graphics.g2d.Gdx2DPixmap.drawPixmap(Lcom/badlogic/gdx/graphics/g2d/Gdx2DPixmap;IIIIII)V+22
j  com.badlogic.gdx.graphics.Pixmap.drawPixmap(Lcom/badlogic/gdx/graphics/Pixmap;IIIIII)V+18
j  com.badlogic.gdx.graphics.Pixmap.drawPixmap(Lcom/badlogic/gdx/graphics/Pixmap;II)V+14
j  com.platformer.game.Character.combineTextures(Lcom/badlogic/gdx/graphics/Texture;Lcom/badlogic/gdx/graphics/Texture;)Lcom/badlogic/gdx/graphics/Texture;+66
j  com.platformer.game.Character.initialize(Lcom/platformer/game/SPR;Lcom/platformer/game/SPR;Lcom/platformer/game/SPR;Lcom/platformer/game/SPR;)V+36
j  com.platformer.game.Character.<init>(Lcom/badlogic/gdx/graphics/g3d/Model;Ljava/lang/String;Lcom/badlogic/gdx/graphics/PerspectiveCamera;Lcom/platformer/game/SPR;Lcom/platformer/game/SPR;Lcom/platformer/game/SPR;Lcom/platformer/game/SPR;FFF)V+119
j  com.platformer.game.Orchestrator.create()V+956
j  com.badlogic.gdx.backends.lwjgl3.Lwjgl3Window.initializeListener()V+11
j  com.badlogic.gdx.backends.lwjgl3.Lwjgl3Window.update()Z+8
j  com.badlogic.gdx.backends.lwjgl3.Lwjgl3Application.loop()V+111
j  com.badlogic.gdx.backends.lwjgl3.Lwjgl3Application.<init>(Lcom/badlogic/gdx/ApplicationListener;Lcom/badlogic/gdx/backends/lwjgl3/Lwjgl3ApplicationConfiguration;)V+243
j  com.platformer.game.desktop.DesktopLauncher.main([Ljava/lang/String;)V+59
v  ~StubRoutines::call_stub

siginfo: EXCEPTION_ACCESS_VIOLATION (0xc0000005), reading address 0x0000025517ac1040


Register to memory mapping:

RIP=0x000000006e7056e0 gdx64.dll
RAX=0x000000006e7056e0 gdx64.dll
RBX=0x00000000ffffff00 is an unknown value
RCX=0x0000025517ac1040 is an unknown value
RDX=0xffffffffffff8d48 is an unknown value
RSP=0x0000009ba07fec58 is pointing into the stack for thread: 0x0000025565dd9080
RBP=0x0 is NULL
RSI=0x0000025517ac1040 is an unknown value
RDI=0x0 is NULL
R8 =0x0000000000000004 is an unknown value
R9 =0x0 is NULL
R10=0x0000000000000140 is an unknown value
R11=0x0 is NULL
R12=0x0 is NULL
R13=0x000002550d03b390 points into unknown readable memory: 0x0000014000000340 | 40 03 00 00 40 01 00 00
R14=0x0 is NULL
R15=0x000002550d03b210 points into unknown readable memory: 0x0000014000000340 | 40 03 00 00 40 01 00 00


Registers:
RAX=0x000000006e7056e0, RBX=0x00000000ffffff00, RCX=0x0000025517ac1040, RDX=0xffffffffffff8d48
RSP=0x0000009ba07fec58, RBP=0x0000000000000000, RSI=0x0000025517ac1040, RDI=0x0000000000000000
R8 =0x0000000000000004, R9 =0x0000000000000000, R10=0x0000000000000140, R11=0x0000000000000000
R12=0x0000000000000000, R13=0x000002550d03b390, R14=0x0000000000000000, R15=0x000002550d03b210
RIP=0x000000006e7056e0, EFLAGS=0x0000000000010202

Top of Stack: (sp=0x0000009ba07fec58)
0x0000009ba07fec58:   000000006e717e7a 0000009ba07fedc0
0x0000009ba07fec68:   00000000000003d8 0000025565dd9988
0x0000009ba07fec78:   00000008001c7b18 0000000400000340
0x0000009ba07fec88:   0000000800000004 0000000000000000
0x0000009ba07fec98:   0000000000000000 000000006e7055d0
0x0000009ba07feca8:   000000006e7056e0 0000025500104000
0x0000009ba07fecb8:   0000000000000000 0000025500000000
0x0000009ba07fecc8:   000000006e7056e0 0000025500000d00
0x0000009ba07fecd8:   00007f0000000d00 0000009b00000140
0x0000009ba07fece8:   0000000000000000 0000009ba07fecd9
0x0000009ba07fecf8:   0000000800000004 00000008001c7b00
0x0000009ba07fed08:   0000000000000000 00009eba27153238
0x0000009ba07fed18:   000002550000000e 000002550b131130
0x0000009ba07fed28:   000002550ada50b0 000000003ccc7b7b
0x0000009ba07fed38:   0000000000000000 00000000ba8c46d5
0x0000009ba07fed48:   0000000000000000 0000000000000000 

Instructions: (pc=0x000000006e7056e0)
0x000000006e7055e0:   66 89 11 c3 66 90 66 2e 0f 1f 84 00 00 00 00 00
0x000000006e7055f0:   57 56 53 44 0f b6 c1 89 d0 45 85 c0 0f 84 97 00
0x000000006e705600:   00 00 44 0f b6 d2 45 89 c3 bb 81 80 80 80 45 0f
0x000000006e705610:   af da 89 d6 44 89 d7 c1 ee 18 4c 0f af db 89 cb
0x000000006e705620:   c1 eb 10 0f b6 db 49 c1 eb 27 44 29 df 0f af f7
0x000000006e705630:   45 8d 1c 38 41 0f af d8 41 89 f1 89 ce 0f b6 cd
0x000000006e705640:   c1 ee 18 89 f2 41 0f af d0 44 0f af c1 41 8d 34
0x000000006e705650:   11 41 89 c1 0f b6 c4 0f af c7 31 d2 41 c1 e9 10
0x000000006e705660:   45 0f b6 c9 41 01 c0 89 f0 41 f7 f3 31 d2 44 0f
0x000000006e705670:   af cf c1 e0 18 89 c1 41 01 d9 44 89 c8 41 f7 f3
0x000000006e705680:   31 d2 c1 e0 10 09 c8 44 09 d8 41 89 c1 44 89 c0
0x000000006e705690:   41 f7 f3 c1 e0 08 44 09 c8 5b 5e 5f c3 0f 1f 00
0x000000006e7056a0:   0f b6 01 c3 66 90 66 2e 0f 1f 84 00 00 00 00 00
0x000000006e7056b0:   0f b7 01 66 c1 c0 08 0f b7 c0 c3 0f 1f 44 00 00
0x000000006e7056c0:   0f b6 01 c1 e0 10 89 c2 0f b6 41 01 c1 e0 08 09
0x000000006e7056d0:   d0 0f b6 51 02 09 d0 c3 0f 1f 84 00 00 00 00 00
0x000000006e7056e0:   8b 01 0f c8 c3 90 66 2e 0f 1f 84 00 00 00 00 00
0x000000006e7056f0:   0f b7 01 c3 66 90 66 2e 0f 1f 84 00 00 00 00 00
0x000000006e705700:   56 53 48 83 ec 28 89 cb 89 c8 89 d1 d3 eb 85 d2
0x000000006e705710:   49 63 f0 78 7d 81 fb ff 00 00 00 77 33 b9 08 00
0x000000006e705720:   00 00 29 f1 d3 eb 83 fe 08 77 4c 48 8d 05 4e 9c
0x000000006e705730:   01 00 0f af 1c b0 48 8d 05 03 9c 01 00 8b 0c b0
0x000000006e705740:   89 d8 d3 f8 48 83 c4 28 5b 5e c3 0f 1f 44 00 00
0x000000006e705750:   48 8d 0d c3 89 01 00 48 8d 15 82 89 01 00 41 b8
0x000000006e705760:   fa 13 00 00 e8 67 66 01 00 b9 08 00 00 00 29 f1
0x000000006e705770:   d3 eb 83 fe 08 76 b4 48 8d 15 62 89 01 00 48 8d
0x000000006e705780:   0d a7 89 01 00 41 b8 fc 13 00 00 e8 40 66 01 00
0x000000006e705790:   eb 99 f7 da 89 d1 d3 e0 89 c3 e9 76 ff ff ff 90
0x000000006e7057a0:   53 48 83 ec 20 8b 41 14 48 89 cb 8b 49 10 eb 28
0x000000006e7057b0:   4c 8b 03 31 d2 4c 39 43 08 76 0d 49 8d 50 01 48
0x000000006e7057c0:   89 13 41 0f b6 10 d3 e2 83 c1 08 09 d0 83 f9 18
0x000000006e7057d0:   89 43 14 89 4b 10 7f 29 89 c2 d3 ea 85 d2 74 d0 


Stack slot to memory mapping:
stack at sp + 0 slots: 0x000000006e717e7a gdx64.dll
stack at sp + 1 slots: 0x0000009ba07fedc0 is pointing into the stack for thread: 0x0000025565dd9080
stack at sp + 2 slots: 0x00000000000003d8 is an unknown value
stack at sp + 3 slots: 0x0000025565dd9988 points into unknown readable memory: 0x08031cb114b7c531 | 31 c5 b7 14 b1 1c 03 08
stack at sp + 4 slots: {method} {0x00000008001c7b20} '<init>' '(JI)V' in 'java/nio/DirectByteBuffer'
stack at sp + 5 slots: 0x0000000400000340 is an unknown value
stack at sp + 6 slots: 0x0000000800000004 is pointing into metadata
stack at sp + 7 slots: 0x0 is NULL


---------------  P R O C E S S  ---------------

Threads class SMR info:
_java_thread_list=0x000002550b6ad1e0, length=14, elements={
0x0000025565dd9080, 0x000002550a69abd0, 0x000002550a69ba90, 0x000002550a6a66d0,
0x000002550a6a8ff0, 0x000002550a6a99f0, 0x000002550a6ad410, 0x000002550a6b16f0,
0x000002550a6dc210, 0x000002550a6dcc50, 0x000002550a67ec30, 0x000002550b3f5330,
0x000002550b3f8120, 0x000002550e213a90
}

Java Threads: ( => current thread )
=>0x0000025565dd9080 JavaThread "main" [_thread_in_native, id=13628, stack(0x0000009ba0700000,0x0000009ba0800000)]
  0x000002550a69abd0 JavaThread "Reference Handler" daemon [_thread_blocked, id=11340, stack(0x0000009ba0e00000,0x0000009ba0f00000)]
  0x000002550a69ba90 JavaThread "Finalizer" daemon [_thread_blocked, id=15968, stack(0x0000009ba0f00000,0x0000009ba1000000)]
  0x000002550a6a66d0 JavaThread "Signal Dispatcher" daemon [_thread_blocked, id=8604, stack(0x0000009ba1000000,0x0000009ba1100000)]
  0x000002550a6a8ff0 JavaThread "Attach Listener" daemon [_thread_blocked, id=556, stack(0x0000009ba1100000,0x0000009ba1200000)]
  0x000002550a6a99f0 JavaThread "Service Thread" daemon [_thread_blocked, id=9908, stack(0x0000009ba1200000,0x0000009ba1300000)]
  0x000002550a6ad410 JavaThread "Monitor Deflation Thread" daemon [_thread_blocked, id=3312, stack(0x0000009ba1300000,0x0000009ba1400000)]
  0x000002550a6b16f0 JavaThread "C2 CompilerThread0" daemon [_thread_blocked, id=2288, stack(0x0000009ba1400000,0x0000009ba1500000)]
  0x000002550a6dc210 JavaThread "C1 CompilerThread0" daemon [_thread_blocked, id=9392, stack(0x0000009ba1500000,0x0000009ba1600000)]
  0x000002550a6dcc50 JavaThread "Sweeper thread" daemon [_thread_blocked, id=18192, stack(0x0000009ba1600000,0x0000009ba1700000)]
  0x000002550a67ec30 JavaThread "Common-Cleaner" daemon [_thread_blocked, id=10340, stack(0x0000009ba1700000,0x0000009ba1800000)]
  0x000002550b3f5330 JavaThread "Monitor Ctrl-Break" daemon [_thread_in_native, id=10088, stack(0x0000009ba1900000,0x0000009ba1a00000)]
  0x000002550b3f8120 JavaThread "Notification Thread" daemon [_thread_blocked, id=948, stack(0x0000009ba1a00000,0x0000009ba1b00000)]
  0x000002550e213a90 JavaThread "C2 CompilerThread1" daemon [_thread_blocked, id=9420, stack(0x0000009ba1800000,0x0000009ba1900000)]

Other Threads:
  0x000002550a697f90 VMThread "VM Thread" [stack: 0x0000009ba0d00000,0x0000009ba0e00000] [id=10372]
  0x000002550b1d38b0 WatcherThread [stack: 0x0000009ba1b00000,0x0000009ba1c00000] [id=7464]
  0x0000025565e29c20 GCTaskThread "GC Thread#0" [stack: 0x0000009ba0800000,0x0000009ba0900000] [id=2384]
  0x0000025512e45ee0 GCTaskThread "GC Thread#1" [stack: 0x0000009ba2400000,0x0000009ba2500000] [id=12304]
  0x0000025512e461f0 GCTaskThread "GC Thread#2" [stack: 0x0000009ba2500000,0x0000009ba2600000] [id=6548]
  0x0000025512e4f4d0 GCTaskThread "GC Thread#3" [stack: 0x0000009ba2600000,0x0000009ba2700000] [id=14376]
  0x0000025512e4eba0 GCTaskThread "GC Thread#4" [stack: 0x0000009ba2700000,0x0000009ba2800000] [id=5320]
  0x0000025512e50110 GCTaskThread "GC Thread#5" [stack: 0x0000009ba2800000,0x0000009ba2900000] [id=15428]
  0x0000025565d9df30 ConcurrentGCThread "G1 Main Marker" [stack: 0x0000009ba0900000,0x0000009ba0a00000] [id=15328]
  0x0000025565d9e9a0 ConcurrentGCThread "G1 Conc#0" [stack: 0x0000009ba0a00000,0x0000009ba0b00000] [id=13772]
  0x000002550a5520c0 ConcurrentGCThread "G1 Refine#0" [stack: 0x0000009ba0b00000,0x0000009ba0c00000] [id=12064]
  0x000002550a552a50 ConcurrentGCThread "G1 Service" [stack: 0x0000009ba0c00000,0x0000009ba0d00000] [id=18104]

Threads with active compile tasks:

VM state: not at safepoint (normal execution)

VM Mutex/Monitor currently owned by a thread: None

Heap address: 0x0000000700c00000, size: 4084 MB, Compressed Oops mode: Zero based, Oop shift amount: 3

CDS archive(s) mapped at: [0x0000000800000000-0x0000000800bb0000-0x0000000800bb0000), size 12255232, SharedBaseAddress: 0x0000000800000000, ArchiveRelocationMode: 0.
Compressed class space mapped at: 0x0000000800c00000-0x0000000840c00000, reserved size: 1073741824
Narrow klass base: 0x0000000800000000, Narrow klass shift: 3, Narrow klass range: 0x100000000

GC Precious Log:
 CPUs: 6 total, 6 available
 Memory: 16329M
 Large Page Support: Disabled
 NUMA Support: Disabled
 Compressed Oops: Enabled (Zero based)
 Heap Region Size: 2M
 Heap Min Capacity: 8M
 Heap Initial Capacity: 256M
 Heap Max Capacity: 4084M
 Pre-touch: Disabled
 Parallel Workers: 6
 Concurrent Workers: 2
 Concurrent Refinement Workers: 6
 Periodic GC: Disabled

Heap:
 garbage-first heap   total 262144K, used 6509K [0x0000000700c00000, 0x0000000800000000)
  region size 2048K, 5 young (10240K), 2 survivors (4096K)
 Metaspace       used 7744K, committed 7872K, reserved 1064960K
  class space    used 487K, committed 576K, reserved 1048576K

Heap Regions: E=young(eden), S=young(survivor), O=old, HS=humongous(starts), HC=humongous(continues), CS=collection set, F=free, OA=open archive, CA=closed archive, TAMS=top-at-mark-start (previous, next)
|   0|0x0000000700c00000, 0x0000000700c00000, 0x0000000700e00000|  0%| F|  |TAMS 0x0000000700c00000, 0x0000000700c00000| Untracked 
|   1|0x0000000700e00000, 0x0000000700e00000, 0x0000000701000000|  0%| F|  |TAMS 0x0000000700e00000, 0x0000000700e00000| Untracked 
|   2|0x0000000701000000, 0x0000000701000000, 0x0000000701200000|  0%| F|  |TAMS 0x0000000701000000, 0x0000000701000000| Untracked 
|   3|0x0000000701200000, 0x0000000701200000, 0x0000000701400000|  0%| F|  |TAMS 0x0000000701200000, 0x0000000701200000| Untracked 
|   4|0x0000000701400000, 0x0000000701400000, 0x0000000701600000|  0%| F|  |TAMS 0x0000000701400000, 0x0000000701400000| Untracked 
|   5|0x0000000701600000, 0x0000000701600000, 0x0000000701800000|  0%| F|  |TAMS 0x0000000701600000, 0x0000000701600000| Untracked 
|   6|0x0000000701800000, 0x0000000701800000, 0x0000000701a00000|  0%| F|  |TAMS 0x0000000701800000, 0x0000000701800000| Untracked 
|   7|0x0000000701a00000, 0x0000000701a00000, 0x0000000701c00000|  0%| F|  |TAMS 0x0000000701a00000, 0x0000000701a00000| Untracked 
|   8|0x0000000701c00000, 0x0000000701c00000, 0x0000000701e00000|  0%| F|  |TAMS 0x0000000701c00000, 0x0000000701c00000| Untracked 
|   9|0x0000000701e00000, 0x0000000701e00000, 0x0000000702000000|  0%| F|  |TAMS 0x0000000701e00000, 0x0000000701e00000| Untracked 
|  10|0x0000000702000000, 0x0000000702000000, 0x0000000702200000|  0%| F|  |TAMS 0x0000000702000000, 0x0000000702000000| Untracked 
|  11|0x0000000702200000, 0x0000000702200000, 0x0000000702400000|  0%| F|  |TAMS 0x0000000702200000, 0x0000000702200000| Untracked 
|  12|0x0000000702400000, 0x0000000702400000, 0x0000000702600000|  0%| F|  |TAMS 0x0000000702400000, 0x0000000702400000| Untracked 
|  13|0x0000000702600000, 0x0000000702600000, 0x0000000702800000|  0%| F|  |TAMS 0x0000000702600000, 0x0000000702600000| Untracked 
|  14|0x0000000702800000, 0x0000000702800000, 0x0000000702a00000|  0%| F|  |TAMS 0x0000000702800000, 0x0000000702800000| Untracked 
|  15|0x0000000702a00000, 0x0000000702a00000, 0x0000000702c00000|  0%| F|  |TAMS 0x0000000702a00000, 0x0000000702a00000| Untracked 
|  16|0x0000000702c00000, 0x0000000702c00000, 0x0000000702e00000|  0%| F|  |TAMS 0x0000000702c00000, 0x0000000702c00000| Untracked 
|  17|0x0000000702e00000, 0x0000000702e00000, 0x0000000703000000|  0%| F|  |TAMS 0x0000000702e00000, 0x0000000702e00000| Untracked 
|  18|0x0000000703000000, 0x0000000703000000, 0x0000000703200000|  0%| F|  |TAMS 0x0000000703000000, 0x0000000703000000| Untracked 
|  19|0x0000000703200000, 0x0000000703200000, 0x0000000703400000|  0%| F|  |TAMS 0x0000000703200000, 0x0000000703200000| Untracked 
|  20|0x0000000703400000, 0x0000000703400000, 0x0000000703600000|  0%| F|  |TAMS 0x0000000703400000, 0x0000000703400000| Untracked 
|  21|0x0000000703600000, 0x0000000703600000, 0x0000000703800000|  0%| F|  |TAMS 0x0000000703600000, 0x0000000703600000| Untracked 
|  22|0x0000000703800000, 0x0000000703800000, 0x0000000703a00000|  0%| F|  |TAMS 0x0000000703800000, 0x0000000703800000| Untracked 
|  23|0x0000000703a00000, 0x0000000703a00000, 0x0000000703c00000|  0%| F|  |TAMS 0x0000000703a00000, 0x0000000703a00000| Untracked 
|  24|0x0000000703c00000, 0x0000000703c00000, 0x0000000703e00000|  0%| F|  |TAMS 0x0000000703c00000, 0x0000000703c00000| Untracked 
|  25|0x0000000703e00000, 0x0000000703e00000, 0x0000000704000000|  0%| F|  |TAMS 0x0000000703e00000, 0x0000000703e00000| Untracked 
|  26|0x0000000704000000, 0x0000000704000000, 0x0000000704200000|  0%| F|  |TAMS 0x0000000704000000, 0x0000000704000000| Untracked 
|  27|0x0000000704200000, 0x0000000704200000, 0x0000000704400000|  0%| F|  |TAMS 0x0000000704200000, 0x0000000704200000| Untracked 
|  28|0x0000000704400000, 0x0000000704400000, 0x0000000704600000|  0%| F|  |TAMS 0x0000000704400000, 0x0000000704400000| Untracked 
|  29|0x0000000704600000, 0x0000000704600000, 0x0000000704800000|  0%| F|  |TAMS 0x0000000704600000, 0x0000000704600000| Untracked 
|  30|0x0000000704800000, 0x0000000704800000, 0x0000000704a00000|  0%| F|  |TAMS 0x0000000704800000, 0x0000000704800000| Untracked 
|  31|0x0000000704a00000, 0x0000000704a00000, 0x0000000704c00000|  0%| F|  |TAMS 0x0000000704a00000, 0x0000000704a00000| Untracked 
|  32|0x0000000704c00000, 0x0000000704c00000, 0x0000000704e00000|  0%| F|  |TAMS 0x0000000704c00000, 0x0000000704c00000| Untracked 
|  33|0x0000000704e00000, 0x0000000704e00000, 0x0000000705000000|  0%| F|  |TAMS 0x0000000704e00000, 0x0000000704e00000| Untracked 
|  34|0x0000000705000000, 0x0000000705000000, 0x0000000705200000|  0%| F|  |TAMS 0x0000000705000000, 0x0000000705000000| Untracked 
|  35|0x0000000705200000, 0x0000000705200000, 0x0000000705400000|  0%| F|  |TAMS 0x0000000705200000, 0x0000000705200000| Untracked 
|  36|0x0000000705400000, 0x0000000705400000, 0x0000000705600000|  0%| F|  |TAMS 0x0000000705400000, 0x0000000705400000| Untracked 
|  37|0x0000000705600000, 0x0000000705600000, 0x0000000705800000|  0%| F|  |TAMS 0x0000000705600000, 0x0000000705600000| Untracked 
|  38|0x0000000705800000, 0x0000000705800000, 0x0000000705a00000|  0%| F|  |TAMS 0x0000000705800000, 0x0000000705800000| Untracked 
|  39|0x0000000705a00000, 0x0000000705a00000, 0x0000000705c00000|  0%| F|  |TAMS 0x0000000705a00000, 0x0000000705a00000| Untracked 
|  40|0x0000000705c00000, 0x0000000705c00000, 0x0000000705e00000|  0%| F|  |TAMS 0x0000000705c00000, 0x0000000705c00000| Untracked 
|  41|0x0000000705e00000, 0x0000000705e00000, 0x0000000706000000|  0%| F|  |TAMS 0x0000000705e00000, 0x0000000705e00000| Untracked 
|  42|0x0000000706000000, 0x0000000706000000, 0x0000000706200000|  0%| F|  |TAMS 0x0000000706000000, 0x0000000706000000| Untracked 
|  43|0x0000000706200000, 0x0000000706200000, 0x0000000706400000|  0%| F|  |TAMS 0x0000000706200000, 0x0000000706200000| Untracked 
|  44|0x0000000706400000, 0x0000000706400000, 0x0000000706600000|  0%| F|  |TAMS 0x0000000706400000, 0x0000000706400000| Untracked 
|  45|0x0000000706600000, 0x0000000706600000, 0x0000000706800000|  0%| F|  |TAMS 0x0000000706600000, 0x0000000706600000| Untracked 
|  46|0x0000000706800000, 0x0000000706800000, 0x0000000706a00000|  0%| F|  |TAMS 0x0000000706800000, 0x0000000706800000| Untracked 
|  47|0x0000000706a00000, 0x0000000706a00000, 0x0000000706c00000|  0%| F|  |TAMS 0x0000000706a00000, 0x0000000706a00000| Untracked 
|  48|0x0000000706c00000, 0x0000000706c00000, 0x0000000706e00000|  0%| F|  |TAMS 0x0000000706c00000, 0x0000000706c00000| Untracked 
|  49|0x0000000706e00000, 0x0000000706e00000, 0x0000000707000000|  0%| F|  |TAMS 0x0000000706e00000, 0x0000000706e00000| Untracked 
|  50|0x0000000707000000, 0x0000000707000000, 0x0000000707200000|  0%| F|  |TAMS 0x0000000707000000, 0x0000000707000000| Untracked 
|  51|0x0000000707200000, 0x0000000707200000, 0x0000000707400000|  0%| F|  |TAMS 0x0000000707200000, 0x0000000707200000| Untracked 
|  52|0x0000000707400000, 0x0000000707400000, 0x0000000707600000|  0%| F|  |TAMS 0x0000000707400000, 0x0000000707400000| Untracked 
|  53|0x0000000707600000, 0x0000000707600000, 0x0000000707800000|  0%| F|  |TAMS 0x0000000707600000, 0x0000000707600000| Untracked 
|  54|0x0000000707800000, 0x0000000707800000, 0x0000000707a00000|  0%| F|  |TAMS 0x0000000707800000, 0x0000000707800000| Untracked 
|  55|0x0000000707a00000, 0x0000000707a00000, 0x0000000707c00000|  0%| F|  |TAMS 0x0000000707a00000, 0x0000000707a00000| Untracked 
|  56|0x0000000707c00000, 0x0000000707c00000, 0x0000000707e00000|  0%| F|  |TAMS 0x0000000707c00000, 0x0000000707c00000| Untracked 
|  57|0x0000000707e00000, 0x0000000707e00000, 0x0000000708000000|  0%| F|  |TAMS 0x0000000707e00000, 0x0000000707e00000| Untracked 
|  58|0x0000000708000000, 0x0000000708000000, 0x0000000708200000|  0%| F|  |TAMS 0x0000000708000000, 0x0000000708000000| Untracked 
|  59|0x0000000708200000, 0x0000000708200000, 0x0000000708400000|  0%| F|  |TAMS 0x0000000708200000, 0x0000000708200000| Untracked 
|  60|0x0000000708400000, 0x0000000708400000, 0x0000000708600000|  0%| F|  |TAMS 0x0000000708400000, 0x0000000708400000| Untracked 
|  61|0x0000000708600000, 0x0000000708600000, 0x0000000708800000|  0%| F|  |TAMS 0x0000000708600000, 0x0000000708600000| Untracked 
|  62|0x0000000708800000, 0x0000000708800000, 0x0000000708a00000|  0%| F|  |TAMS 0x0000000708800000, 0x0000000708800000| Untracked 
|  63|0x0000000708a00000, 0x0000000708a00000, 0x0000000708c00000|  0%| F|  |TAMS 0x0000000708a00000, 0x0000000708a00000| Untracked 
|  64|0x0000000708c00000, 0x0000000708c00000, 0x0000000708e00000|  0%| F|  |TAMS 0x0000000708c00000, 0x0000000708c00000| Untracked 
|  65|0x0000000708e00000, 0x0000000708e00000, 0x0000000709000000|  0%| F|  |TAMS 0x0000000708e00000, 0x0000000708e00000| Untracked 
|  66|0x0000000709000000, 0x0000000709000000, 0x0000000709200000|  0%| F|  |TAMS 0x0000000709000000, 0x0000000709000000| Untracked 
|  67|0x0000000709200000, 0x0000000709200000, 0x0000000709400000|  0%| F|  |TAMS 0x0000000709200000, 0x0000000709200000| Untracked 
|  68|0x0000000709400000, 0x0000000709400000, 0x0000000709600000|  0%| F|  |TAMS 0x0000000709400000, 0x0000000709400000| Untracked 
|  69|0x0000000709600000, 0x0000000709600000, 0x0000000709800000|  0%| F|  |TAMS 0x0000000709600000, 0x0000000709600000| Untracked 
|  70|0x0000000709800000, 0x0000000709800000, 0x0000000709a00000|  0%| F|  |TAMS 0x0000000709800000, 0x0000000709800000| Untracked 
|  71|0x0000000709a00000, 0x0000000709a00000, 0x0000000709c00000|  0%| F|  |TAMS 0x0000000709a00000, 0x0000000709a00000| Untracked 
|  72|0x0000000709c00000, 0x0000000709c00000, 0x0000000709e00000|  0%| F|  |TAMS 0x0000000709c00000, 0x0000000709c00000| Untracked 
|  73|0x0000000709e00000, 0x0000000709e00000, 0x000000070a000000|  0%| F|  |TAMS 0x0000000709e00000, 0x0000000709e00000| Untracked 
|  74|0x000000070a000000, 0x000000070a000000, 0x000000070a200000|  0%| F|  |TAMS 0x000000070a000000, 0x000000070a000000| Untracked 
|  75|0x000000070a200000, 0x000000070a200000, 0x000000070a400000|  0%| F|  |TAMS 0x000000070a200000, 0x000000070a200000| Untracked 
|  76|0x000000070a400000, 0x000000070a400000, 0x000000070a600000|  0%| F|  |TAMS 0x000000070a400000, 0x000000070a400000| Untracked 
|  77|0x000000070a600000, 0x000000070a600000, 0x000000070a800000|  0%| F|  |TAMS 0x000000070a600000, 0x000000070a600000| Untracked 
|  78|0x000000070a800000, 0x000000070a800000, 0x000000070aa00000|  0%| F|  |TAMS 0x000000070a800000, 0x000000070a800000| Untracked 
|  79|0x000000070aa00000, 0x000000070aa00000, 0x000000070ac00000|  0%| F|  |TAMS 0x000000070aa00000, 0x000000070aa00000| Untracked 
|  80|0x000000070ac00000, 0x000000070ac00000, 0x000000070ae00000|  0%| F|  |TAMS 0x000000070ac00000, 0x000000070ac00000| Untracked 
|  81|0x000000070ae00000, 0x000000070ae00000, 0x000000070b000000|  0%| F|  |TAMS 0x000000070ae00000, 0x000000070ae00000| Untracked 
|  82|0x000000070b000000, 0x000000070b000000, 0x000000070b200000|  0%| F|  |TAMS 0x000000070b000000, 0x000000070b000000| Untracked 
|  83|0x000000070b200000, 0x000000070b200000, 0x000000070b400000|  0%| F|  |TAMS 0x000000070b200000, 0x000000070b200000| Untracked 
|  84|0x000000070b400000, 0x000000070b400000, 0x000000070b600000|  0%| F|  |TAMS 0x000000070b400000, 0x000000070b400000| Untracked 
|  85|0x000000070b600000, 0x000000070b600000, 0x000000070b800000|  0%| F|  |TAMS 0x000000070b600000, 0x000000070b600000| Untracked 
|  86|0x000000070b800000, 0x000000070b800000, 0x000000070ba00000|  0%| F|  |TAMS 0x000000070b800000, 0x000000070b800000| Untracked 
|  87|0x000000070ba00000, 0x000000070ba00000, 0x000000070bc00000|  0%| F|  |TAMS 0x000000070ba00000, 0x000000070ba00000| Untracked 
|  88|0x000000070bc00000, 0x000000070bc00000, 0x000000070be00000|  0%| F|  |TAMS 0x000000070bc00000, 0x000000070bc00000| Untracked 
|  89|0x000000070be00000, 0x000000070be00000, 0x000000070c000000|  0%| F|  |TAMS 0x000000070be00000, 0x000000070be00000| Untracked 
|  90|0x000000070c000000, 0x000000070c000000, 0x000000070c200000|  0%| F|  |TAMS 0x000000070c000000, 0x000000070c000000| Untracked 
|  91|0x000000070c200000, 0x000000070c200000, 0x000000070c400000|  0%| F|  |TAMS 0x000000070c200000, 0x000000070c200000| Untracked 
|  92|0x000000070c400000, 0x000000070c400000, 0x000000070c600000|  0%| F|  |TAMS 0x000000070c400000, 0x000000070c400000| Untracked 
|  93|0x000000070c600000, 0x000000070c600000, 0x000000070c800000|  0%| F|  |TAMS 0x000000070c600000, 0x000000070c600000| Untracked 
|  94|0x000000070c800000, 0x000000070c800000, 0x000000070ca00000|  0%| F|  |TAMS 0x000000070c800000, 0x000000070c800000| Untracked 
|  95|0x000000070ca00000, 0x000000070ca00000, 0x000000070cc00000|  0%| F|  |TAMS 0x000000070ca00000, 0x000000070ca00000| Untracked 
|  96|0x000000070cc00000, 0x000000070cc00000, 0x000000070ce00000|  0%| F|  |TAMS 0x000000070cc00000, 0x000000070cc00000| Untracked 
|  97|0x000000070ce00000, 0x000000070ce00000, 0x000000070d000000|  0%| F|  |TAMS 0x000000070ce00000, 0x000000070ce00000| Untracked 
|  98|0x000000070d000000, 0x000000070d000000, 0x000000070d200000|  0%| F|  |TAMS 0x000000070d000000, 0x000000070d000000| Untracked 
|  99|0x000000070d200000, 0x000000070d200000, 0x000000070d400000|  0%| F|  |TAMS 0x000000070d200000, 0x000000070d200000| Untracked 
| 100|0x000000070d400000, 0x000000070d400000, 0x000000070d600000|  0%| F|  |TAMS 0x000000070d400000, 0x000000070d400000| Untracked 
| 101|0x000000070d600000, 0x000000070d600000, 0x000000070d800000|  0%| F|  |TAMS 0x000000070d600000, 0x000000070d600000| Untracked 
| 102|0x000000070d800000, 0x000000070d800000, 0x000000070da00000|  0%| F|  |TAMS 0x000000070d800000, 0x000000070d800000| Untracked 
| 103|0x000000070da00000, 0x000000070da00000, 0x000000070dc00000|  0%| F|  |TAMS 0x000000070da00000, 0x000000070da00000| Untracked 
| 104|0x000000070dc00000, 0x000000070dc00000, 0x000000070de00000|  0%| F|  |TAMS 0x000000070dc00000, 0x000000070dc00000| Untracked 
| 105|0x000000070de00000, 0x000000070de00000, 0x000000070e000000|  0%| F|  |TAMS 0x000000070de00000, 0x000000070de00000| Untracked 
| 106|0x000000070e000000, 0x000000070e000000, 0x000000070e200000|  0%| F|  |TAMS 0x000000070e000000, 0x000000070e000000| Untracked 
| 107|0x000000070e200000, 0x000000070e200000, 0x000000070e400000|  0%| F|  |TAMS 0x000000070e200000, 0x000000070e200000| Untracked 
| 108|0x000000070e400000, 0x000000070e400000, 0x000000070e600000|  0%| F|  |TAMS 0x000000070e400000, 0x000000070e400000| Untracked 
| 109|0x000000070e600000, 0x000000070e600000, 0x000000070e800000|  0%| F|  |TAMS 0x000000070e600000, 0x000000070e600000| Untracked 
| 110|0x000000070e800000, 0x000000070e800000, 0x000000070ea00000|  0%| F|  |TAMS 0x000000070e800000, 0x000000070e800000| Untracked 
| 111|0x000000070ea00000, 0x000000070ea00000, 0x000000070ec00000|  0%| F|  |TAMS 0x000000070ea00000, 0x000000070ea00000| Untracked 
| 112|0x000000070ec00000, 0x000000070ec00000, 0x000000070ee00000|  0%| F|  |TAMS 0x000000070ec00000, 0x000000070ec00000| Untracked 
| 113|0x000000070ee00000, 0x000000070ee00000, 0x000000070f000000|  0%| F|  |TAMS 0x000000070ee00000, 0x000000070ee00000| Untracked 
| 114|0x000000070f000000, 0x000000070f000000, 0x000000070f200000|  0%| F|  |TAMS 0x000000070f000000, 0x000000070f000000| Untracked 
| 115|0x000000070f200000, 0x000000070f200000, 0x000000070f400000|  0%| F|  |TAMS 0x000000070f200000, 0x000000070f200000| Untracked 
| 116|0x000000070f400000, 0x000000070f45b5d8, 0x000000070f600000| 17%| S|CS|TAMS 0x000000070f400000, 0x000000070f400000| Complete 
| 117|0x000000070f600000, 0x000000070f800000, 0x000000070f800000|100%| S|CS|TAMS 0x000000070f600000, 0x000000070f600000| Complete 
| 118|0x000000070f800000, 0x000000070f800000, 0x000000070fa00000|  0%| F|  |TAMS 0x000000070f800000, 0x000000070f800000| Untracked 
| 119|0x000000070fa00000, 0x000000070fa00000, 0x000000070fc00000|  0%| F|  |TAMS 0x000000070fa00000, 0x000000070fa00000| Untracked 
| 120|0x000000070fc00000, 0x000000070fc00000, 0x000000070fe00000|  0%| F|  |TAMS 0x000000070fc00000, 0x000000070fc00000| Untracked 
| 121|0x000000070fe00000, 0x000000070fe00000, 0x0000000710000000|  0%| F|  |TAMS 0x000000070fe00000, 0x000000070fe00000| Untracked 
| 122|0x0000000710000000, 0x0000000710000000, 0x0000000710200000|  0%| F|  |TAMS 0x0000000710000000, 0x0000000710000000| Untracked 
| 123|0x0000000710200000, 0x0000000710200000, 0x0000000710400000|  0%| F|  |TAMS 0x0000000710200000, 0x0000000710200000| Untracked 
| 124|0x0000000710400000, 0x0000000710400000, 0x0000000710600000|  0%| F|  |TAMS 0x0000000710400000, 0x0000000710400000| Untracked 
| 125|0x0000000710600000, 0x000000071069f910, 0x0000000710800000| 31%| E|  |TAMS 0x0000000710600000, 0x0000000710600000| Complete 
| 126|0x0000000710800000, 0x0000000710a00000, 0x0000000710a00000|100%| E|CS|TAMS 0x0000000710800000, 0x0000000710800000| Complete 
| 127|0x0000000710a00000, 0x0000000710c00000, 0x0000000710c00000|100%| E|CS|TAMS 0x0000000710a00000, 0x0000000710a00000| Complete 

Card table byte_map: [0x000002557ed80000,0x000002557f580000] _byte_map_base: 0x000002557b57a000

Marking Bits (Prev, Next): (CMBitMap*) 0x0000025565e2a290, (CMBitMap*) 0x0000025565e2a2d0
 Prev Bits: [0x0000025500000000, 0x0000025503fd0000)
 Next Bits: [0x0000025503fd0000, 0x0000025507fa0000)

Polling page: 0x0000025565eb0000

Metaspace:

Usage:
  Non-class:      7.09 MB used.
      Class:    487.55 KB used.
       Both:      7.56 MB used.

Virtual space:
  Non-class space:       16.00 MB reserved,       7.12 MB ( 45%) committed,  2 nodes.
      Class space:        1.00 GB reserved,     576.00 KB ( <1%) committed,  1 nodes.
              Both:        1.02 GB reserved,       7.69 MB ( <1%) committed. 

Chunk freelists:
   Non-Class:  2.69 MB
       Class:  3.39 MB
        Both:  6.08 MB

MaxMetaspaceSize: 17179869184.00 GB
CompressedClassSpaceSize: 1.00 GB
 - commit_granule_bytes: 65536.
 - commit_granule_words: 8192.
 - virtual_space_node_default_size: 1048576.
 - enlarge_chunks_in_place: 1.
 - new_chunks_are_fully_committed: 0.
 - uncommit_free_chunks: 1.
 - use_allocation_guard: 0.
 - handle_deallocations: 1.


Internal statistics:

num_allocs_failed_limit: 0.
num_arena_births: 40.
num_arena_deaths: 0.
num_vsnodes_births: 3.
num_vsnodes_deaths: 0.
num_space_committed: 121.
num_space_uncommitted: 0.
num_chunks_returned_to_freelist: 0.
num_chunks_taken_from_freelist: 243.
num_chunk_merges: 0.
num_chunk_splits: 199.
num_chunks_enlarged: 177.
num_purges: 0.

CodeHeap 'non-profiled nmethods': size=120000Kb used=370Kb max_used=370Kb free=119629Kb
 bounds [0x0000025576810000, 0x0000025576a80000, 0x000002557dd40000]
CodeHeap 'profiled nmethods': size=120000Kb used=1780Kb max_used=1780Kb free=118219Kb
 bounds [0x000002556f2e0000, 0x000002556f550000, 0x0000025576810000]
CodeHeap 'non-nmethods': size=5760Kb used=1641Kb max_used=1673Kb free=4118Kb
 bounds [0x000002556ed40000, 0x000002556efb0000, 0x000002556f2e0000]
 total_blobs=2040 nmethods=966 adapters=987
 compilation: enabled
              stopped_count=0, restarted_count=0
 full_count=0

Compilation events (20 events):
Event: 0.889 Thread 0x000002550e213a90 nmethod 940% 0x0000025576867d90 code [0x0000025576867f40, 0x0000025576868918]
Event: 0.890 Thread 0x000002550e213a90  945       4       com.jcraft.jorbis.Floor1::render_line (143 bytes)
Event: 0.890 Thread 0x000002550a6b16f0 nmethod 951 0x0000025576868e10 code [0x0000025576868fc0, 0x00000255768691f8]
Event: 0.890 Thread 0x000002550a6b16f0  948 %     4       com.jcraft.jorbis.DspState::synthesis_blockin @ 504 (711 bytes)
Event: 0.892 Thread 0x000002550a6dc210  962       3       java.lang.String::substring (10 bytes)
Event: 0.892 Thread 0x000002550a6dc210 nmethod 962 0x000002556f49c590 code [0x000002556f49c740, 0x000002556f49c988]
Event: 0.893 Thread 0x000002550e213a90 nmethod 945 0x0000025576869490 code [0x0000025576869620, 0x0000025576869a38]
Event: 0.893 Thread 0x000002550e213a90  954 %     4       com.jcraft.jorbis.Block::synthesis @ 254 (328 bytes)
Event: 0.899 Thread 0x000002550a6dc210  965       3       java.io.BufferedInputStream::getBufIfOpen (21 bytes)
Event: 0.899 Thread 0x000002550a6dc210 nmethod 965 0x000002556f49ca90 code [0x000002556f49cc40, 0x000002556f49ce68]
Event: 0.901 Thread 0x000002550e213a90 nmethod 954% 0x0000025576869c90 code [0x0000025576869e60, 0x000002557686a3e8]
Event: 0.901 Thread 0x000002550e213a90  963       4       java.nio.Buffer::position (52 bytes)
Event: 0.902 Thread 0x000002550e213a90 nmethod 963 0x000002557686a890 code [0x000002557686aa20, 0x000002557686aaf8]
Event: 0.902 Thread 0x000002550e213a90  964       4       java.util.Objects::requireNonNull (15 bytes)
Event: 0.902 Thread 0x000002550a6b16f0 nmethod 948% 0x000002557686ac10 code [0x000002557686adc0, 0x000002557686b718]
Event: 0.902 Thread 0x000002550e213a90 nmethod 964 0x000002557686bb90 code [0x000002557686bd00, 0x000002557686bd78]
Event: 0.905 Thread 0x000002550a6dc210  966       3       java.lang.Enum::<init> (15 bytes)
Event: 0.905 Thread 0x000002550a6dc210 nmethod 966 0x000002556f49cf10 code [0x000002556f49d0c0, 0x000002556f49d298]
Event: 0.909 Thread 0x000002550a6b16f0  967       4       java.util.concurrent.ConcurrentHashMap::get (162 bytes)
Event: 0.914 Thread 0x000002550a6b16f0 nmethod 967 0x000002557686be90 code [0x000002557686c060, 0x000002557686c758]

GC Heap History (2 events):
Event: 0.803 GC heap before
{Heap before GC invocations=0 (full 0):
 garbage-first heap   total 262144K, used 20480K [0x0000000700c00000, 0x0000000800000000)
  region size 2048K, 10 young (20480K), 0 survivors (0K)
 Metaspace       used 7019K, committed 7168K, reserved 1064960K
  class space    used 423K, committed 512K, reserved 1048576K
}
Event: 0.805 GC heap after
{Heap after GC invocations=1 (full 0):
 garbage-first heap   total 262144K, used 2413K [0x0000000700c00000, 0x0000000800000000)
  region size 2048K, 2 young (4096K), 2 survivors (4096K)
 Metaspace       used 7019K, committed 7168K, reserved 1064960K
  class space    used 423K, committed 512K, reserved 1048576K
}

Deoptimization events (20 events):
Event: 0.203 Thread 0x0000025565dd9080 DEOPT PACKING pc=0x00000255768265c0 sp=0x0000009ba07fbac0
Event: 0.203 Thread 0x0000025565dd9080 DEOPT UNPACKING pc=0x000002556ed8d72e sp=0x0000009ba07fba48 mode 2
Event: 0.332 Thread 0x0000025565dd9080 DEOPT PACKING pc=0x000002556f32df65 sp=0x0000009ba07fddf0
Event: 0.332 Thread 0x0000025565dd9080 DEOPT UNPACKING pc=0x000002556ed8dece sp=0x0000009ba07fd240 mode 0
Event: 0.726 Thread 0x0000025565dd9080 Uncommon trap: trap_request=0xffffff5c fr.pc=0x0000025576846b78 relative=0x0000000000000058
Event: 0.726 Thread 0x0000025565dd9080 Uncommon trap: reason=speculate_null_check action=make_not_entrant pc=0x0000025576846b78 method=sun.misc.Unsafe.getLong(Ljava/lang/Object;J)J @ 5 c2
Event: 0.726 Thread 0x0000025565dd9080 DEOPT PACKING pc=0x0000025576846b78 sp=0x0000009ba07ff050
Event: 0.726 Thread 0x0000025565dd9080 DEOPT UNPACKING pc=0x000002556ed8d72e sp=0x0000009ba07fefc8 mode 2
Event: 0.819 Thread 0x0000025565dd9080 Uncommon trap: trap_request=0xffffff5c fr.pc=0x0000025576848afc relative=0x000000000000005c
Event: 0.819 Thread 0x0000025565dd9080 Uncommon trap: reason=speculate_null_check action=make_not_entrant pc=0x0000025576848afc method=sun.misc.Unsafe.putLong(Ljava/lang/Object;JJ)V @ 7 c2
Event: 0.819 Thread 0x0000025565dd9080 DEOPT PACKING pc=0x0000025576848afc sp=0x0000009ba07fec80
Event: 0.819 Thread 0x0000025565dd9080 DEOPT UNPACKING pc=0x000002556ed8d72e sp=0x0000009ba07febf8 mode 2
Event: 0.838 Thread 0x0000025565dd9080 Uncommon trap: trap_request=0xffffff45 fr.pc=0x000002557685d9d8 relative=0x00000000000001b8
Event: 0.838 Thread 0x0000025565dd9080 Uncommon trap: reason=unstable_if action=reinterpret pc=0x000002557685d9d8 method=com.jcraft.jogg.Buffer.read(I)I @ 23 c2
Event: 0.838 Thread 0x0000025565dd9080 DEOPT PACKING pc=0x000002557685d9d8 sp=0x0000009ba07fe3f0
Event: 0.838 Thread 0x0000025565dd9080 DEOPT UNPACKING pc=0x000002556ed8d72e sp=0x0000009ba07fe388 mode 2
Event: 0.876 Thread 0x0000025565dd9080 Uncommon trap: trap_request=0xffffff45 fr.pc=0x0000025576865450 relative=0x0000000000000130
Event: 0.876 Thread 0x0000025565dd9080 Uncommon trap: reason=unstable_if action=reinterpret pc=0x0000025576865450 method=com.badlogic.gdx.backends.lwjgl3.audio.OggInputStream.read()I @ 11 c2
Event: 0.876 Thread 0x0000025565dd9080 DEOPT PACKING pc=0x0000025576865450 sp=0x0000009ba07ff060
Event: 0.876 Thread 0x0000025565dd9080 DEOPT UNPACKING pc=0x000002556ed8d72e sp=0x0000009ba07ff000 mode 2

Classes unloaded (0 events):
No events

Classes redefined (0 events):
No events

Internal exceptions (19 events):
Event: 0.131 Thread 0x000002550b3f5330 Exception <a 'java/lang/NoSuchMethodError'{0x000000071066fcb8}: 'java.lang.Object java.lang.invoke.DirectMethodHandle$Holder.invokeStatic(java.lang.Object)'> (0x000000071066fcb8) 
thrown [t:\workspace\open\src\hotspot\share\interpreter\linkResolver.cpp, line 790]
Event: 0.132 Thread 0x000002550b3f5330 Exception <a 'java/lang/NoSuchMethodError'{0x00000007106735c8}: 'java.lang.Object java.lang.invoke.DirectMethodHandle$Holder.invokeStaticInit(java.lang.Object)'> (0x00000007106735c8) 
thrown [t:\workspace\open\src\hotspot\share\interpreter\linkResolver.cpp, line 790]
Event: 0.137 Thread 0x000002550b3f5330 Exception <a 'java/lang/NoSuchMethodError'{0x0000000710681210}: 'void java.lang.invoke.DirectMethodHandle$Holder.invokeStatic(java.lang.Object, java.lang.Object)'> (0x0000000710681210) 
thrown [t:\workspace\open\src\hotspot\share\interpreter\linkResolver.cpp, line 790]
Event: 0.178 Thread 0x0000025565dd9080 Exception <a 'java/lang/NoSuchMethodError'{0x000000071048b9d0}: 'void java.lang.invoke.DirectMethodHandle$Holder.invokeSpecial(java.lang.Object, java.lang.Object, java.lang.Object)'> (0x000000071048b9d0) 
thrown [t:\workspace\open\src\hotspot\share\interpreter\linkResolver.cpp, line 790]
Event: 0.180 Thread 0x0000025565dd9080 Exception <a 'java/lang/NoSuchMethodError'{0x00000007104a0090}: 'java.lang.Object java.lang.invoke.DirectMethodHandle$Holder.invokeStatic(java.lang.Object, java.lang.Object, int)'> (0x00000007104a0090) 
thrown [t:\workspace\open\src\hotspot\share\interpreter\linkResolver.cpp, line 790]
Event: 0.181 Thread 0x0000025565dd9080 Exception <a 'java/lang/NoSuchMethodError'{0x00000007104ac238}: 'void java.lang.invoke.DelegatingMethodHandle$Holder.delegate(java.lang.Object, java.lang.Object, int, java.lang.Object)'> (0x00000007104ac238) 
thrown [t:\workspace\open\src\hotspot\share\interpreter\linkResolver.cpp, line 790]
Event: 0.181 Thread 0x0000025565dd9080 Exception <a 'java/lang/NoSuchMethodError'{0x00000007104b0388}: 'int java.lang.invoke.DirectMethodHandle$Holder.invokeSpecial(java.lang.Object, java.lang.Object, java.lang.Object)'> (0x00000007104b0388) 
thrown [t:\workspace\open\src\hotspot\share\interpreter\linkResolver.cpp, line 790]
Event: 0.204 Thread 0x0000025565dd9080 Exception <a 'sun/nio/fs/WindowsException'{0x0000000710516fd0}> (0x0000000710516fd0) 
thrown [t:\workspace\open\src\hotspot\share\prims\jni.cpp, line 579]
Event: 0.204 Thread 0x0000025565dd9080 Exception <a 'sun/nio/fs/WindowsException'{0x0000000710517528}> (0x0000000710517528) 
thrown [t:\workspace\open\src\hotspot\share\prims\jni.cpp, line 579]
Event: 0.218 Thread 0x0000025565dd9080 Exception <a 'sun/nio/fs/WindowsException'{0x000000071057cee8}> (0x000000071057cee8) 
thrown [t:\workspace\open\src\hotspot\share\prims\jni.cpp, line 579]
Event: 0.218 Thread 0x0000025565dd9080 Exception <a 'sun/nio/fs/WindowsException'{0x000000071057d288}> (0x000000071057d288) 
thrown [t:\workspace\open\src\hotspot\share\prims\jni.cpp, line 579]
Event: 0.236 Thread 0x0000025565dd9080 Exception <a 'sun/nio/fs/WindowsException'{0x0000000710216630}> (0x0000000710216630) 
thrown [t:\workspace\open\src\hotspot\share\prims\jni.cpp, line 579]
Event: 0.236 Thread 0x0000025565dd9080 Exception <a 'sun/nio/fs/WindowsException'{0x00000007102169a0}> (0x00000007102169a0) 
thrown [t:\workspace\open\src\hotspot\share\prims\jni.cpp, line 579]
Event: 0.343 Thread 0x0000025565dd9080 Exception <a 'sun/nio/fs/WindowsException'{0x0000000710298f18}> (0x0000000710298f18) 
thrown [t:\workspace\open\src\hotspot\share\prims\jni.cpp, line 579]
Event: 0.344 Thread 0x0000025565dd9080 Exception <a 'sun/nio/fs/WindowsException'{0x00000007102992a0}> (0x00000007102992a0) 
thrown [t:\workspace\open\src\hotspot\share\prims\jni.cpp, line 579]
Event: 0.583 Thread 0x0000025565dd9080 Exception <a 'sun/nio/fs/WindowsException'{0x00000007100ab358}> (0x00000007100ab358) 
thrown [t:\workspace\open\src\hotspot\share\prims\jni.cpp, line 579]
Event: 0.583 Thread 0x0000025565dd9080 Exception <a 'sun/nio/fs/WindowsException'{0x00000007100ab708}> (0x00000007100ab708) 
thrown [t:\workspace\open\src\hotspot\share\prims\jni.cpp, line 579]
Event: 0.585 Thread 0x0000025565dd9080 Exception <a 'sun/nio/fs/WindowsException'{0x00000007100bd2c0}> (0x00000007100bd2c0) 
thrown [t:\workspace\open\src\hotspot\share\prims\jni.cpp, line 579]
Event: 0.585 Thread 0x0000025565dd9080 Exception <a 'sun/nio/fs/WindowsException'{0x00000007100bd5a8}> (0x00000007100bd5a8) 
thrown [t:\workspace\open\src\hotspot\share\prims\jni.cpp, line 579]

Events (20 events):
Event: 0.408 loading class java/util/concurrent/locks/AbstractQueuedSynchronizer$ConditionObject done
Event: 0.567 loading class java/io/UnsupportedEncodingException
Event: 0.567 loading class java/io/UnsupportedEncodingException done
Event: 0.568 loading class sun/net/ProgressMonitor
Event: 0.568 loading class sun/net/ProgressMonitor done
Event: 0.568 loading class sun/net/DefaultProgressMeteringPolicy
Event: 0.568 loading class sun/net/ProgressMeteringPolicy
Event: 0.568 loading class sun/net/ProgressMeteringPolicy done
Event: 0.568 loading class sun/net/DefaultProgressMeteringPolicy done
Event: 0.578 Thread 0x000002550b1b7120 Thread exited: 0x000002550b1b7120
Event: 0.584 Loaded shared library C:\Users\edwar\AppData\Local\Temp\lwjgledwar\3.2.3-build-13\lwjgl_opengl.dll
Event: 0.604 Thread 0x000002550e213a90 Thread added: 0x000002550e213a90
Event: 0.792 loading class java/util/NoSuchElementException
Event: 0.792 loading class java/util/NoSuchElementException done
Event: 0.801 loading class java/lang/ArrayIndexOutOfBoundsException
Event: 0.801 loading class java/lang/ArrayIndexOutOfBoundsException done
Event: 0.803 Executing  VM operation: G1CollectForAllocation
Event: 0.805 Executing  VM operation: G1CollectForAllocation done
Event: 0.825 loading class java/lang/Math$RandomNumberGeneratorHolder
Event: 0.825 loading class java/lang/Math$RandomNumberGeneratorHolder done


Dynamic libraries:
0x00007ff7f7880000 - 0x00007ff7f7890000 	C:\Program Files\Java\jdk-16.0.2\bin\java.exe
0x00007ff915df0000 - 0x00007ff915fe5000 	C:\WINDOWS\SYSTEM32\ntdll.dll
0x00007ff914f40000 - 0x00007ff914ffe000 	C:\WINDOWS\System32\KERNEL32.DLL
0x00007ff913a90000 - 0x00007ff913d59000 	C:\WINDOWS\System32\KERNELBASE.dll
0x00007ff913890000 - 0x00007ff913990000 	C:\WINDOWS\System32\ucrtbase.dll
0x00007ff90bfb0000 - 0x00007ff90bfc8000 	C:\Program Files\Java\jdk-16.0.2\bin\jli.dll
0x00007ff90bf90000 - 0x00007ff90bfa9000 	C:\Program Files\Java\jdk-16.0.2\bin\VCRUNTIME140.dll
0x00007ff915ad0000 - 0x00007ff915b7c000 	C:\WINDOWS\System32\ADVAPI32.dll
0x00007ff915880000 - 0x00007ff91591e000 	C:\WINDOWS\System32\msvcrt.dll
0x00007ff914760000 - 0x00007ff9147fb000 	C:\WINDOWS\System32\sechost.dll
0x00007ff9151d0000 - 0x00007ff9152fa000 	C:\WINDOWS\System32\RPCRT4.dll
0x00007ff915c00000 - 0x00007ff915da1000 	C:\WINDOWS\System32\USER32.dll
0x00007ff913860000 - 0x00007ff913882000 	C:\WINDOWS\System32\win32u.dll
0x00007ff9148b0000 - 0x00007ff9148db000 	C:\WINDOWS\System32\GDI32.dll
0x00007ff8fe4a0000 - 0x00007ff8fe73a000 	C:\WINDOWS\WinSxS\amd64_microsoft.windows.common-controls_6595b64144ccf1df_6.0.19041.1110_none_60b5254171f9507e\COMCTL32.dll
0x00007ff913750000 - 0x00007ff91385b000 	C:\WINDOWS\System32\gdi32full.dll
0x00007ff913990000 - 0x00007ff913a2d000 	C:\WINDOWS\System32\msvcp_win.dll
0x00007ff90cf40000 - 0x00007ff90cf4a000 	C:\WINDOWS\SYSTEM32\VERSION.dll
0x00007ff915850000 - 0x00007ff915880000 	C:\WINDOWS\System32\IMM32.DLL
0x00007ff90bf80000 - 0x00007ff90bf8c000 	C:\Program Files\Java\jdk-16.0.2\bin\vcruntime140_1.dll
0x00007ff904e70000 - 0x00007ff904f01000 	C:\Program Files\Java\jdk-16.0.2\bin\msvcp140.dll
0x00007ff8b20e0000 - 0x00007ff8b2c8b000 	C:\Program Files\Java\jdk-16.0.2\bin\server\jvm.dll
0x00007ff915060000 - 0x00007ff915068000 	C:\WINDOWS\System32\PSAPI.DLL
0x00007ff9084e0000 - 0x00007ff908507000 	C:\WINDOWS\SYSTEM32\WINMM.dll
0x00007ff90f470000 - 0x00007ff90f479000 	C:\WINDOWS\SYSTEM32\WSOCK32.dll
0x00007ff915070000 - 0x00007ff9150db000 	C:\WINDOWS\System32\WS2_32.dll
0x00007ff911350000 - 0x00007ff911362000 	C:\WINDOWS\SYSTEM32\kernel.appcore.dll
0x00007ff90b800000 - 0x00007ff90b80a000 	C:\Program Files\Java\jdk-16.0.2\bin\jimage.dll
0x00007ff90d960000 - 0x00007ff90db44000 	C:\WINDOWS\SYSTEM32\DBGHELP.DLL
0x00007ff9012c0000 - 0x00007ff9012ec000 	C:\WINDOWS\SYSTEM32\dbgcore.DLL
0x00007ff9136c0000 - 0x00007ff913743000 	C:\WINDOWS\System32\bcryptPrimitives.dll
0x00007ff90ab90000 - 0x00007ff90ab9e000 	C:\Program Files\Java\jdk-16.0.2\bin\instrument.dll
0x00007ff902950000 - 0x00007ff902975000 	C:\Program Files\Java\jdk-16.0.2\bin\java.dll
0x00007ff913e40000 - 0x00007ff91457f000 	C:\WINDOWS\System32\SHELL32.dll
0x00007ff911630000 - 0x00007ff911dc0000 	C:\WINDOWS\SYSTEM32\windows.storage.dll
0x00007ff914b80000 - 0x00007ff914ed5000 	C:\WINDOWS\System32\combase.dll
0x00007ff912f60000 - 0x00007ff912f8c000 	C:\WINDOWS\SYSTEM32\Wldp.dll
0x00007ff914800000 - 0x00007ff9148ae000 	C:\WINDOWS\System32\SHCORE.dll
0x00007ff914ee0000 - 0x00007ff914f35000 	C:\WINDOWS\System32\shlwapi.dll
0x00007ff913450000 - 0x00007ff91346f000 	C:\WINDOWS\SYSTEM32\profapi.dll
0x00007ff902910000 - 0x00007ff902928000 	C:\Program Files\Java\jdk-16.0.2\bin\zip.dll
0x00007ff90ab20000 - 0x00007ff90ab39000 	C:\Program Files\Java\jdk-16.0.2\bin\net.dll
0x00007ff908ff0000 - 0x00007ff9090f8000 	C:\WINDOWS\SYSTEM32\WINHTTP.dll
0x00007ff912cc0000 - 0x00007ff912d2a000 	C:\WINDOWS\system32\mswsock.dll
0x00007ff902930000 - 0x00007ff902943000 	C:\Program Files\Java\jdk-16.0.2\bin\nio.dll
0x00007ff9028f0000 - 0x00007ff90290a000 	C:\Program Files\JetBrains\IntelliJ IDEA Community Edition 2021.2.1\bin\breakgen64.dll
0x000000006e700000 - 0x000000006e72a000 	C:\Users\edwar\AppData\Local\Temp\libgdxedwar\e1cd32f8\gdx64.dll
0x00007ff9027b0000 - 0x00007ff902814000 	C:\Users\edwar\AppData\Local\Temp\lwjgledwar\3.2.3-build-13\lwjgl.dll
0x00007ff8b53b0000 - 0x00007ff8b5603000 	C:\Users\edwar\AppData\Local\Temp\lwjgledwar\3.2.3-build-13\jemalloc.dll
0x00007ff8dbd10000 - 0x00007ff8dbd72000 	C:\Users\edwar\AppData\Local\Temp\lwjgledwar\3.2.3-build-13\glfw.dll
0x00007ff910f50000 - 0x00007ff910fee000 	C:\WINDOWS\system32\uxtheme.dll
0x00007ff903c40000 - 0x00007ff903c85000 	C:\WINDOWS\SYSTEM32\dinput8.dll
0x00007ff902790000 - 0x00007ff9027a1000 	C:\WINDOWS\SYSTEM32\xinput1_4.dll
0x00007ff913670000 - 0x00007ff9136be000 	C:\WINDOWS\System32\cfgmgr32.dll
0x00007ff9132b0000 - 0x00007ff9132e4000 	C:\WINDOWS\SYSTEM32\DEVOBJ.dll
0x00007ff911140000 - 0x00007ff91116f000 	C:\WINDOWS\SYSTEM32\dwmapi.dll
0x00007ff90bb20000 - 0x00007ff90bc72000 	C:\WINDOWS\SYSTEM32\inputhost.dll
0x00007ff915780000 - 0x00007ff91584d000 	C:\WINDOWS\System32\OLEAUT32.dll
0x00007ff90e490000 - 0x00007ff90e586000 	C:\WINDOWS\SYSTEM32\PROPSYS.dll
0x00007ff910570000 - 0x00007ff9106c4000 	C:\WINDOWS\SYSTEM32\wintypes.dll
0x00007ff9109c0000 - 0x00007ff910d1e000 	C:\WINDOWS\SYSTEM32\CoreUIComponents.dll
0x00007ff9108c0000 - 0x00007ff9109b2000 	C:\WINDOWS\SYSTEM32\CoreMessaging.dll
0x00007ff912240000 - 0x00007ff912273000 	C:\WINDOWS\SYSTEM32\ntmarta.dll
0x00007ff914970000 - 0x00007ff914a85000 	C:\WINDOWS\System32\MSCTF.dll
0x00007ff911dc0000 - 0x00007ff911dcd000 	C:\WINDOWS\SYSTEM32\HID.DLL
0x00007ff915300000 - 0x00007ff915772000 	C:\WINDOWS\System32\SETUPAPI.DLL
0x00007ff913e10000 - 0x00007ff913e37000 	C:\WINDOWS\System32\bcrypt.dll
0x00007ff913a30000 - 0x00007ff913a90000 	C:\WINDOWS\System32\WINTRUST.dll
0x00007ff913510000 - 0x00007ff913666000 	C:\WINDOWS\System32\CRYPT32.dll
0x00007ff9130f0000 - 0x00007ff913102000 	C:\WINDOWS\SYSTEM32\MSASN1.dll
0x00007ff8c8ca0000 - 0x00007ff8c8dab000 	C:\Users\edwar\AppData\Local\Temp\lwjgledwar\3.2.3-build-13\OpenAL.dll
0x00007ff914580000 - 0x00007ff9146aa000 	C:\WINDOWS\System32\ole32.dll
0x00007ff9146b0000 - 0x00007ff914759000 	C:\WINDOWS\System32\clbcatq.dll
0x00007ff90c8a0000 - 0x00007ff90c925000 	C:\WINDOWS\System32\MMDevApi.dll
0x00007ff902bb0000 - 0x00007ff902d31000 	C:\WINDOWS\SYSTEM32\AUDIOSES.DLL
0x00007ff912ae0000 - 0x00007ff912b2b000 	C:\WINDOWS\SYSTEM32\powrprof.dll
0x00007ff912940000 - 0x00007ff912952000 	C:\WINDOWS\SYSTEM32\UMPDC.dll
0x00007ff911050000 - 0x00007ff911064000 	C:\WINDOWS\SYSTEM32\resourcepolicyclient.dll
0x00007ff8f30a0000 - 0x00007ff8f31c5000 	C:\WINDOWS\SYSTEM32\opengl32.dll
0x00007ff8fd030000 - 0x00007ff8fd05c000 	C:\WINDOWS\SYSTEM32\GLU32.dll
0x00007ff90db50000 - 0x00007ff90dc49000 	C:\Windows\System32\AppXDeploymentClient.dll
0x00007ff8eda90000 - 0x00007ff8edabb000 	C:\WINDOWS\System32\DriverStore\FileRepository\u0371001.inf_amd64_c05f2cb8e5a0d295\B370998\atig6pxx.dll
0x00007ff8b6660000 - 0x00007ff8b94ac000 	C:\WINDOWS\System32\DriverStore\FileRepository\u0371001.inf_amd64_c05f2cb8e5a0d295\B370998\atio6axx.dll
0x00007ff8fd2b0000 - 0x00007ff8fd2d4000 	C:\WINDOWS\SYSTEM32\dxva2.dll
0x00007ff8fb710000 - 0x00007ff8fb74c000 	C:\WINDOWS\System32\DriverStore\FileRepository\u0371001.inf_amd64_c05f2cb8e5a0d295\B370998\atig6txx.dll
0x00007ff8c89b0000 - 0x00007ff8c8b66000 	C:\WINDOWS\SYSTEM32\atiadlxx.dll
0x00007ff904060000 - 0x00007ff9040a9000 	C:\WINDOWS\SYSTEM32\pdh.dll
0x00007ff908710000 - 0x00007ff90874b000 	C:\WINDOWS\SYSTEM32\dxcore.dll
0x00007ff90c780000 - 0x00007ff90c82e000 	C:\WINDOWS\SYSTEM32\mscms.dll
0x00007ff90c760000 - 0x00007ff90c771000 	C:\WINDOWS\SYSTEM32\ColorAdapterClient.dll
0x00007ff913410000 - 0x00007ff91343e000 	C:\WINDOWS\SYSTEM32\USERENV.dll
0x00007ff908fa0000 - 0x00007ff908fe3000 	C:\WINDOWS\SYSTEM32\icm32.dll
0x00007ff8d42c0000 - 0x00007ff8d4319000 	C:\Users\edwar\AppData\Local\Temp\lwjgledwar\3.2.3-build-13\lwjgl_opengl.dll
0x00007ff90a2c0000 - 0x00007ff90a3b9000 	C:\WINDOWS\SYSTEM32\textinputframework.dll

dbghelp: loaded successfully - version: 4.0.5 - missing functions: none
symbol engine: initialized successfully - sym options: 0x614 - pdb path: .;C:\Program Files\Java\jdk-16.0.2\bin;C:\WINDOWS\SYSTEM32;C:\WINDOWS\WinSxS\amd64_microsoft.windows.common-controls_6595b64144ccf1df_6.0.19041.1110_none_60b5254171f9507e;C:\Program Files\Java\jdk-16.0.2\bin\server;C:\Program Files\JetBrains\IntelliJ IDEA Community Edition 2021.2.1\bin;C:\Users\edwar\AppData\Local\Temp\libgdxedwar\e1cd32f8;C:\Users\edwar\AppData\Local\Temp\lwjgledwar\3.2.3-build-13;C:\WINDOWS\System32\DriverStore\FileRepository\u0371001.inf_amd64_c05f2cb8e5a0d295\B370998

VM Arguments:
jvm_args: -javaagent:C:\Program Files\JetBrains\IntelliJ IDEA Community Edition 2021.2.1\lib\idea_rt.jar=54959:C:\Program Files\JetBrains\IntelliJ IDEA Community Edition 2021.2.1\bin -Dfile.encoding=UTF-8 
java_command: com.platformer.game.desktop.DesktopLauncher
java_class_path (initial): C:\Users\edwar\Downloads\Build1.0.6V\Build1.0.6V\target\classes;C:\Users\edwar\.m2\repository\com\badlogicgames\gdx\gdx-box2d-platform\1.10.0\gdx-box2d-platform-1.10.0-natives-desktop.jar;C:\Users\edwar\.m2\repository\com\badlogicgames\gdx\gdx-platform\1.10.0\gdx-platform-1.10.0-natives-desktop.jar;C:\Users\edwar\.m2\repository\com\badlogicgames\gdx\gdx\1.10.0\gdx-1.10.0.jar;C:\Users\edwar\.m2\repository\com\badlogicgames\gdx\gdx-backend-lwjgl3\1.10.0\gdx-backend-lwjgl3-1.10.0.jar;C:\Users\edwar\.m2\repository\org\lwjgl\lwjgl\3.2.3\lwjgl-3.2.3.jar;C:\Users\edwar\.m2\repository\org\lwjgl\lwjgl\3.2.3\lwjgl-3.2.3-natives-windows.jar;C:\Users\edwar\.m2\repository\org\lwjgl\lwjgl\3.2.3\lwjgl-3.2.3-natives-windows-x86.jar;C:\Users\edwar\.m2\repository\org\lwjgl\lwjgl\3.2.3\lwjgl-3.2.3-natives-linux.jar;C:\Users\edwar\.m2\repository\org\lwjgl\lwjgl\3.2.3\lwjgl-3.2.3-natives-linux-arm32.jar;C:\Users\edwar\.m2\repository\org\lwjgl\lwjgl\3.2.3\lwjgl-3.2.3-natives-linux-arm64.jar;C:\Users\edwar\.m2\repository\org\lwjgl\lwjgl\3.2.3\lwjgl-3.2.3-natives-macos.jar;C:\Users\edwar\.m2\repository\org\lwjgl\lwjgl-glfw\3.2.3\lwjgl-glfw-3.2.3.jar;C:\Users\edwar\.m2\repository\org\lwjgl\lwjgl-glfw\3.2.3\lwjgl-glfw-3.2.3-natives-windows.jar;C:\Users\edwar\.m2\repository\org\lwjgl\lwjgl-glfw\3.2.3\lwjgl-glfw-3.2.3-natives-windows-x86.jar;C:\Users\edwar\.m2\repository\org\lwjgl\lwjgl-glfw\3.2.3\lwjgl-glfw-3.2.3-natives-linux.jar;C:\Users\edwar\.m2\repository\org\lwjgl\lwjgl-glfw\3.2.3\lwjgl-glfw-3.2.3-natives-linux-arm32.jar;C:\Users\edwar\.m2\repository\org\lwjgl\lwjgl-glfw\3.2.3\lwjgl-glfw-3.2.3-natives-linux-arm64.jar;C:\Users\edwar\.m2\repository\org\lwjgl\lwjgl-glfw\3.2.3\lwjgl-glfw-3.2.3-natives-macos.jar;C:\Users\edwar\.m2\repository\org\lwjgl\lwjgl-jemalloc\3.2.3\lwjgl-jemalloc-3.2.3.jar;C:\Users\edwar\.m2\repository\org\lwjgl\lwjgl-jemalloc\3.2.3\lwjgl-jemalloc-3.2.3-natives-windows.jar;C:\Users\edwar\.m2\repository\org\lwjgl\lwjgl-jemalloc\3.2.3\lwjgl-
Launcher Type: SUN_STANDARD

[Global flags]
     intx CICompilerCount                          = 3                                         {product} {ergonomic}
     uint ConcGCThreads                            = 2                                         {product} {ergonomic}
     uint G1ConcRefinementThreads                  = 6                                         {product} {ergonomic}
   size_t G1HeapRegionSize                         = 2097152                                   {product} {ergonomic}
    uintx GCDrainStackTargetSize                   = 64                                        {product} {ergonomic}
   size_t InitialHeapSize                          = 268435456                                 {product} {ergonomic}
   size_t MarkStackSize                            = 4194304                                   {product} {ergonomic}
   size_t MaxHeapSize                              = 4282384384                                {product} {ergonomic}
   size_t MaxNewSize                               = 2569011200                                {product} {ergonomic}
   size_t MinHeapDeltaBytes                        = 2097152                                   {product} {ergonomic}
   size_t MinHeapSize                              = 8388608                                   {product} {ergonomic}
    uintx NonNMethodCodeHeapSize                   = 5832780                                {pd product} {ergonomic}
    uintx NonProfiledCodeHeapSize                  = 122912730                              {pd product} {ergonomic}
    uintx ProfiledCodeHeapSize                     = 122912730                              {pd product} {ergonomic}
    uintx ReservedCodeCacheSize                    = 251658240                              {pd product} {ergonomic}
     bool SegmentedCodeCache                       = true                                      {product} {ergonomic}
   size_t SoftMaxHeapSize                          = 4282384384                             {manageable} {ergonomic}
     bool UseCompressedClassPointers               = true                           {product lp64_product} {ergonomic}
     bool UseCompressedOops                        = true                           {product lp64_product} {ergonomic}
     bool UseG1GC                                  = true                                      {product} {ergonomic}
     bool UseLargePagesIndividualAllocation        = false                                  {pd product} {ergonomic}

Logging:
Log output configuration:
 #0: stdout all=warning uptime,level,tags
 #1: stderr all=off uptime,level,tags

Environment Variables:
PATH=C:\Program Files\Common Files\Oracle\Java\javapath;C:\Program Files (x86)\NVIDIA Corporation\PhysX\Common;C:\Program Files (x86)\Common Files\Oracle\Java\javapath;C:\Program Files (x86)\Intel\Intel(R) Management Engine Components\iCLS\;C:\Program Files\Intel\Intel(R) Management Engine Components\iCLS\;C:\WINDOWS\system32;C:\WINDOWS;C:\WINDOWS\System32\Wbem;C:\WINDOWS\System32\WindowsPowerShell\v1.0\;C:\Program Files (x86)\Intel\Intel(R) Management Engine Components\DAL;C:\Program Files\Intel\Intel(R) Management Engine Components\DAL;C:\Program Files (x86)\Intel\Intel(R) Management Engine Components\IPT;C:\Program Files\Intel\Intel(R) Management Engine Components\IPT;C:\WINDOWS\System32\OpenSSH\;C:\Program Files\PuTTY\;C:\MinGW\bin;C:\Program Files\Microsoft SQL Server\120\Tools\Binn\;C:\Users\edwar\AppData\Local\Microsoft\WindowsApps;C:\Users\edwar\AppData\Local\atom\bin;C:\Users\edwar\AppData\Local\Microsoft\WindowsApps;C:\Users\edwar\AppData\Local\Programs\Microsoft VS Code\bin;C:\MinGW\bin;
USERNAME=edwar
OS=Windows_NT
PROCESSOR_IDENTIFIER=Intel64 Family 6 Model 158 Stepping 10, GenuineIntel



---------------  S Y S T E M  ---------------

OS:
 Windows 10 , 64 bit Build 19041 (10.0.19041.1202)
OS uptime: 7 days 12:05 hours

CPU: total 6 (initial active 6) (6 cores per cpu, 1 threads per core) family 6 model 158 stepping 10 microcode 0xb4, cx8, cmov, fxsr, mmx, 3dnowpref, sse, sse2, sse3, ssse3, sse4.1, sse4.2, popcnt, lzcnt, tsc, tscinvbit, avx, avx2, aes, erms, clmul, bmi1, bmi2, adx, fma, vzeroupper, clflush, clflushopt

Memory: 4k page, system-wide physical 16329M (7947M free)
TotalPageFile size 27492M (AvailPageFile size 13086M)
current process WorkingSet (physical memory assigned to process): 143M, peak: 143M
current process commit charge ("private bytes"): 479M, peak: 480M

vm_info: Java HotSpot(TM) 64-Bit Server VM (16.0.2+7-67) for windows-amd64 JRE (16.0.2+7-67), built on Jun  8 2021 23:24:19 by "mach5one" with MS VC++ 16.7 (VS2019)

END.
